2018-11-14 14:41:46 INFO  ProductoManagerImpl:58 - ponerPedidoEnCola: añadiendo station...
2018-11-14 14:41:46 INFO  ProductoManagerImpl:61 - ponerPedidoEnCola: station añadido, espere a que sea servido...
2018-11-14 14:41:46 INFO  ProductoManagerImpl:58 - ponerPedidoEnCola: añadiendo station...
2018-11-14 14:41:46 INFO  ProductoManagerImpl:61 - ponerPedidoEnCola: station añadido, espere a que sea servido...
2018-11-14 14:41:46 INFO  ProductoManagerImpl:66 - servirPedido: sirviendo un station...
2018-11-14 14:41:46 INFO  ProductoManagerImpl:74 - servirPedido: el station ha sido servido.
2018-11-14 14:41:46 INFO  ProductoManagerImpl:85 - getProductosOrdenadorPorPrecio: ordenando los bikes por precio...
2018-11-14 15:31:28 INFO  ProductoManagerImpl:58 - ponerPedidoEnCola: añadiendo station...
2018-11-14 15:31:28 INFO  ProductoManagerImpl:61 - ponerPedidoEnCola: station añadido, espere a que sea servido...
2018-11-14 15:31:28 INFO  ProductoManagerImpl:58 - ponerPedidoEnCola: añadiendo station...
2018-11-14 15:31:28 INFO  ProductoManagerImpl:61 - ponerPedidoEnCola: station añadido, espere a que sea servido...
2018-11-14 15:31:28 INFO  ProductoManagerImpl:66 - servirPedido: sirviendo un station...
2018-11-14 15:31:28 INFO  ProductoManagerImpl:74 - servirPedido: el station ha sido servido.
2018-11-14 15:31:28 INFO  ProductoManagerImpl:85 - getProductosOrdenadorPorPrecio: ordenando los bikes por precio...
2018-11-14 15:31:28 INFO  ProductoManagerImpl:86 - Lista sin ordenar: {platano=edu.upc.dsa.modelo.Bike@277c0f21, cafe=edu.upc.dsa.modelo.Bike@6073f712, cocacola=edu.upc.dsa.modelo.Bike@43556938, patatas=edu.upc.dsa.modelo.Bike@3d04a311, menu=edu.upc.dsa.modelo.Bike@7a46a697, bocata=edu.upc.dsa.modelo.Bike@5f205aa, agua=edu.upc.dsa.modelo.Bike@6d86b085}
2018-11-14 15:31:28 INFO  ProductoManagerImpl:94 - Lista ordenada: [edu.upc.dsa.modelo.Bike@277c0f21, edu.upc.dsa.modelo.Bike@6d86b085, edu.upc.dsa.modelo.Bike@43556938, edu.upc.dsa.modelo.Bike@6073f712, edu.upc.dsa.modelo.Bike@3d04a311, edu.upc.dsa.modelo.Bike@5f205aa, edu.upc.dsa.modelo.Bike@7a46a697]
2018-11-14 15:32:24 INFO  ProductoManagerImpl:58 - ponerPedidoEnCola: añadiendo station...
2018-11-14 15:32:24 INFO  ProductoManagerImpl:61 - ponerPedidoEnCola: station añadido, espere a que sea servido...
2018-11-14 15:32:24 INFO  ProductoManagerImpl:58 - ponerPedidoEnCola: añadiendo station...
2018-11-14 15:32:24 INFO  ProductoManagerImpl:61 - ponerPedidoEnCola: station añadido, espere a que sea servido...
2018-11-14 15:32:24 INFO  ProductoManagerImpl:66 - servirPedido: sirviendo un station...
2018-11-14 15:32:24 INFO  ProductoManagerImpl:74 - servirPedido: el station ha sido servido.
2018-11-14 15:32:24 INFO  ProductoManagerImpl:85 - getProductosOrdenadorPorPrecio: ordenando los bikes por precio...
2018-11-14 15:32:24 INFO  ProductoManagerImpl:86 - Lista sin ordenar: {platano=edu.upc.dsa.modelo.Bike@277c0f21, cafe=edu.upc.dsa.modelo.Bike@6073f712, cocacola=edu.upc.dsa.modelo.Bike@43556938, patatas=edu.upc.dsa.modelo.Bike@3d04a311, menu=edu.upc.dsa.modelo.Bike@7a46a697, bocata=edu.upc.dsa.modelo.Bike@5f205aa, agua=edu.upc.dsa.modelo.Bike@6d86b085}
2018-11-14 15:32:24 INFO  ProductoManagerImpl:94 - Lista ordenada: [edu.upc.dsa.modelo.Bike@277c0f21, edu.upc.dsa.modelo.Bike@6d86b085, edu.upc.dsa.modelo.Bike@43556938, edu.upc.dsa.modelo.Bike@6073f712, edu.upc.dsa.modelo.Bike@3d04a311, edu.upc.dsa.modelo.Bike@5f205aa, edu.upc.dsa.modelo.Bike@7a46a697]
2018-11-14 15:34:22 INFO  ProductoManagerImpl:58 - ponerPedidoEnCola: añadiendo station...
2018-11-14 15:34:22 INFO  ProductoManagerImpl:61 - ponerPedidoEnCola: station añadido, espere a que sea servido...
2018-11-14 15:34:22 INFO  ProductoManagerImpl:58 - ponerPedidoEnCola: añadiendo station...
2018-11-14 15:34:22 INFO  ProductoManagerImpl:61 - ponerPedidoEnCola: station añadido, espere a que sea servido...
2018-11-14 15:34:22 INFO  ProductoManagerImpl:66 - servirPedido: sirviendo un station...
2018-11-14 15:34:22 INFO  ProductoManagerImpl:74 - servirPedido: el station ha sido servido.
2018-11-14 15:34:22 INFO  ProductoManagerImpl:85 - getProductosOrdenadorPorPrecio: ordenando los bikes por precio...
2018-11-14 15:34:22 INFO  ProductoManagerImpl:86 - Lista sin ordenar: {platano=Nombre: platano, cafe=Nombre: cafe, cocacola=Nombre: cocacola, patatas=Nombre: patatas, menu=Nombre: menu, bocata=Nombre: bocata, agua=Nombre: agua}
2018-11-14 15:34:22 INFO  ProductoManagerImpl:94 - Lista ordenada: [Nombre: platano, Nombre: agua, Nombre: cocacola, Nombre: cafe, Nombre: patatas, Nombre: bocata, Nombre: menu]
2018-11-14 15:35:15 INFO  ProductoManagerImpl:58 - ponerPedidoEnCola: añadiendo station...
2018-11-14 15:35:15 INFO  ProductoManagerImpl:61 - ponerPedidoEnCola: station añadido, espere a que sea servido...
2018-11-14 15:35:15 INFO  ProductoManagerImpl:58 - ponerPedidoEnCola: añadiendo station...
2018-11-14 15:35:15 INFO  ProductoManagerImpl:61 - ponerPedidoEnCola: station añadido, espere a que sea servido...
2018-11-14 15:35:15 INFO  ProductoManagerImpl:66 - servirPedido: sirviendo un station...
2018-11-14 15:35:15 INFO  ProductoManagerImpl:74 - servirPedido: el station ha sido servido.
2018-11-14 15:35:15 INFO  ProductoManagerImpl:85 - getProductosOrdenadorPorPrecio: ordenando los bikes por precio...
2018-11-14 15:35:15 INFO  ProductoManagerImpl:86 - Lista sin ordenar: [Nombre: platano, Nombre: cafe, Nombre: cocacola, Nombre: patatas, Nombre: menu, Nombre: bocata, Nombre: agua]
2018-11-14 15:35:15 INFO  ProductoManagerImpl:94 - Lista ordenada: [Nombre: platano, Nombre: agua, Nombre: cocacola, Nombre: cafe, Nombre: patatas, Nombre: bocata, Nombre: menu]
2018-11-14 15:36:13 INFO  ProductoManagerImpl:58 - ponerPedidoEnCola: añadiendo station...
2018-11-14 15:36:13 INFO  ProductoManagerImpl:61 - ponerPedidoEnCola: station añadido, espere a que sea servido...
2018-11-14 15:36:13 INFO  ProductoManagerImpl:58 - ponerPedidoEnCola: añadiendo station...
2018-11-14 15:36:13 INFO  ProductoManagerImpl:61 - ponerPedidoEnCola: station añadido, espere a que sea servido...
2018-11-14 15:36:13 INFO  ProductoManagerImpl:66 - servirPedido: sirviendo un station...
2018-11-14 15:36:13 INFO  ProductoManagerImpl:74 - servirPedido: el station ha sido servido.
2018-11-14 15:36:13 INFO  ProductoManagerImpl:85 - getProductosOrdenadorPorPrecio: ordenando los bikes por precio...
2018-11-14 15:36:13 INFO  ProductoManagerImpl:86 - Lista sin ordenar: [Nombre: platano, Nombre: cafe, Nombre: cocacola, Nombre: patatas, Nombre: menu, Nombre: bocata, Nombre: agua]
2018-11-14 15:36:13 INFO  ProductoManagerImpl:94 - Lista ordenada: [Nombre: platano, Nombre: agua, Nombre: cocacola, Nombre: cafe, Nombre: patatas, Nombre: bocata, Nombre: menu]
2018-11-14 15:37:26 INFO  ProductoManagerImpl:58 - ponerPedidoEnCola: añadiendo station...
2018-11-14 15:37:26 INFO  ProductoManagerImpl:61 - ponerPedidoEnCola: station añadido, espere a que sea servido...
2018-11-14 15:37:26 INFO  ProductoManagerImpl:58 - ponerPedidoEnCola: añadiendo station...
2018-11-14 15:37:26 INFO  ProductoManagerImpl:61 - ponerPedidoEnCola: station añadido, espere a que sea servido...
2018-11-14 15:37:26 INFO  ProductoManagerImpl:66 - servirPedido: sirviendo un station...
2018-11-14 15:37:26 INFO  ProductoManagerImpl:74 - servirPedido: el station ha sido servido.
2018-11-14 15:37:26 INFO  ProductoManagerImpl:85 - getProductosOrdenadorPorPrecio: ordenando los bikes por precio...
2018-11-14 15:37:26 INFO  ProductoManagerImpl:86 - Lista sin ordenar: [platano:0.14, cafe:1.1, cocacola:0.7, patatas:1.6, menu:6.7, bocata:3.3, agua:0.6]
2018-11-14 15:37:26 INFO  ProductoManagerImpl:94 - Lista ordenada: [platano:0.14, agua:0.6, cocacola:0.7, cafe:1.1, patatas:1.6, bocata:3.3, menu:6.7]
2018-11-14 15:39:40 INFO  ProductoManagerImpl:58 - ponerPedidoEnCola: añadiendo station...
2018-11-14 15:39:40 INFO  ProductoManagerImpl:61 - ponerPedidoEnCola: station añadido, espere a que sea servido...
2018-11-14 15:39:40 INFO  ProductoManagerImpl:58 - ponerPedidoEnCola: añadiendo station...
2018-11-14 15:39:40 INFO  ProductoManagerImpl:61 - ponerPedidoEnCola: station añadido, espere a que sea servido...
2018-11-14 15:39:40 INFO  ProductoManagerImpl:66 - servirPedido: sirviendo un station...
2018-11-14 15:39:40 INFO  ProductoManagerImpl:74 - servirPedido: el station ha sido servido.
2018-11-14 15:39:40 INFO  ProductoManagerImpl:85 - getProductosOrdenadorPorPrecio: ordenando los bikes por precio...
2018-11-14 15:39:40 INFO  ProductoManagerImpl:86 - Lista sin ordenar: [platano:0.14:0, cafe:1.1:2, cocacola:0.7:1, patatas:1.6:0, menu:6.7:1, bocata:3.3:0, agua:0.6:0]
2018-11-14 15:39:40 INFO  ProductoManagerImpl:94 - Lista ordenada: [platano:0.14:0, agua:0.6:0, cocacola:0.7:1, cafe:1.1:2, patatas:1.6:0, bocata:3.3:0, menu:6.7:1]
2018-11-14 15:40:36 INFO  ProductoManagerImpl:58 - ponerPedidoEnCola: añadiendo station...
2018-11-14 15:40:36 INFO  ProductoManagerImpl:61 - ponerPedidoEnCola: station añadido, espere a que sea servido...
2018-11-14 15:40:36 INFO  ProductoManagerImpl:58 - ponerPedidoEnCola: añadiendo station...
2018-11-14 15:40:36 INFO  ProductoManagerImpl:61 - ponerPedidoEnCola: station añadido, espere a que sea servido...
2018-11-14 15:40:36 INFO  ProductoManagerImpl:66 - servirPedido: sirviendo un station...
2018-11-14 15:40:36 INFO  ProductoManagerImpl:74 - servirPedido: el station ha sido servido.
2018-11-14 15:40:36 INFO  ProductoManagerImpl:85 - getProductosOrdenadorPorPrecio: ordenando los bikes por precio...
2018-11-14 15:40:36 INFO  ProductoManagerImpl:86 - Lista sin ordenar: [platano:0.14:0, cafe:1.1:2, cocacola:0.7:1, patatas:1.6:0, menu:6.7:1, bocata:3.3:0, agua:0.6:0]
2018-11-14 15:40:36 INFO  ProductoManagerImpl:94 - Lista ordenada: [platano:0.14:0, agua:0.6:0, cocacola:0.7:1, cafe:1.1:2, patatas:1.6:0, bocata:3.3:0, menu:6.7:1]
2018-11-14 15:40:36 INFO  ProductoManagerImpl:100 - getProductosOrdenadosPorVentas: ordenando los bikes por ventas...
2018-11-14 15:40:36 INFO  ProductoManagerImpl:101 - Lista sin ordenar: [platano:0.14:0, cafe:1.1:2, cocacola:0.7:1, patatas:1.6:0, menu:6.7:1, bocata:3.3:0, agua:0.6:0]
2018-11-14 15:40:36 INFO  ProductoManagerImpl:105 - Lista ordenada: [platano:0.14:0, patatas:1.6:0, bocata:3.3:0, agua:0.6:0, cocacola:0.7:1, menu:6.7:1, cafe:1.1:2]
2018-11-14 15:41:07 INFO  ProductoManagerImpl:58 - ponerPedidoEnCola: añadiendo station...
2018-11-14 15:41:07 INFO  ProductoManagerImpl:61 - ponerPedidoEnCola: station añadido, espere a que sea servido...
2018-11-14 15:41:07 INFO  ProductoManagerImpl:58 - ponerPedidoEnCola: añadiendo station...
2018-11-14 15:41:07 INFO  ProductoManagerImpl:61 - ponerPedidoEnCola: station añadido, espere a que sea servido...
2018-11-14 15:41:07 INFO  ProductoManagerImpl:66 - servirPedido: sirviendo un station...
2018-11-14 15:41:07 INFO  ProductoManagerImpl:74 - servirPedido: el station ha sido servido.
2018-11-14 15:41:07 INFO  ProductoManagerImpl:85 - getProductosOrdenadorPorPrecio: ordenando los bikes por precio...
2018-11-14 15:41:07 INFO  ProductoManagerImpl:86 - Lista sin ordenar: [platano:0.14:0, cafe:1.1:2, cocacola:0.7:1, patatas:1.6:0, menu:6.7:1, bocata:3.3:0, agua:0.6:0]
2018-11-14 15:41:08 INFO  ProductoManagerImpl:94 - Lista ordenada: [platano:0.14:0, agua:0.6:0, cocacola:0.7:1, cafe:1.1:2, patatas:1.6:0, bocata:3.3:0, menu:6.7:1]
2018-11-14 15:41:08 INFO  ProductoManagerImpl:100 - getProductosOrdenadosPorVentas: ordenando los bikes por ventas...
2018-11-14 15:41:08 INFO  ProductoManagerImpl:101 - Lista sin ordenar: [platano:0.14:0, cafe:1.1:2, cocacola:0.7:1, patatas:1.6:0, menu:6.7:1, bocata:3.3:0, agua:0.6:0]
2018-11-14 15:41:08 INFO  ProductoManagerImpl:105 - Lista ordenada: [cafe:1.1:2, cocacola:0.7:1, menu:6.7:1, platano:0.14:0, patatas:1.6:0, bocata:3.3:0, agua:0.6:0]
2018-11-14 15:42:05 INFO  ProductoManagerImpl:58 - ponerPedidoEnCola: añadiendo station...
2018-11-14 15:42:05 INFO  ProductoManagerImpl:61 - ponerPedidoEnCola: station añadido, espere a que sea servido...
2018-11-14 15:42:05 INFO  ProductoManagerImpl:58 - ponerPedidoEnCola: añadiendo station...
2018-11-14 15:42:05 INFO  ProductoManagerImpl:61 - ponerPedidoEnCola: station añadido, espere a que sea servido...
2018-11-14 15:42:05 INFO  ProductoManagerImpl:66 - servirPedido: sirviendo un station...
2018-11-14 15:42:05 INFO  ProductoManagerImpl:74 - servirPedido: el station ha sido servido.
2018-11-14 15:42:05 INFO  ProductoManagerImpl:85 - getProductosOrdenadorPorPrecio: ordenando los bikes por precio...
2018-11-14 15:42:05 INFO  ProductoManagerImpl:86 - Lista sin ordenar: [Nombre: platanoPrecio: 0.14Ventas: 0, Nombre: cafePrecio: 1.1Ventas: 2, Nombre: cocacolaPrecio: 0.7Ventas: 1, Nombre: patatasPrecio: 1.6Ventas: 0, Nombre: menuPrecio: 6.7Ventas: 1, Nombre: bocataPrecio: 3.3Ventas: 0, Nombre: aguaPrecio: 0.6Ventas: 0]
2018-11-14 15:42:06 INFO  ProductoManagerImpl:94 - Lista ordenada: [Nombre: platanoPrecio: 0.14Ventas: 0, Nombre: aguaPrecio: 0.6Ventas: 0, Nombre: cocacolaPrecio: 0.7Ventas: 1, Nombre: cafePrecio: 1.1Ventas: 2, Nombre: patatasPrecio: 1.6Ventas: 0, Nombre: bocataPrecio: 3.3Ventas: 0, Nombre: menuPrecio: 6.7Ventas: 1]
2018-11-14 15:42:06 INFO  ProductoManagerImpl:100 - getProductosOrdenadosPorVentas: ordenando los bikes por ventas...
2018-11-14 15:42:06 INFO  ProductoManagerImpl:101 - Lista sin ordenar: [Nombre: platanoPrecio: 0.14Ventas: 0, Nombre: cafePrecio: 1.1Ventas: 2, Nombre: cocacolaPrecio: 0.7Ventas: 1, Nombre: patatasPrecio: 1.6Ventas: 0, Nombre: menuPrecio: 6.7Ventas: 1, Nombre: bocataPrecio: 3.3Ventas: 0, Nombre: aguaPrecio: 0.6Ventas: 0]
2018-11-14 15:42:06 INFO  ProductoManagerImpl:105 - Lista ordenada: [Nombre: cafePrecio: 1.1Ventas: 2, Nombre: cocacolaPrecio: 0.7Ventas: 1, Nombre: menuPrecio: 6.7Ventas: 1, Nombre: platanoPrecio: 0.14Ventas: 0, Nombre: patatasPrecio: 1.6Ventas: 0, Nombre: bocataPrecio: 3.3Ventas: 0, Nombre: aguaPrecio: 0.6Ventas: 0]
2018-11-14 15:42:19 INFO  ProductoManagerImpl:58 - ponerPedidoEnCola: añadiendo station...
2018-11-14 15:42:19 INFO  ProductoManagerImpl:61 - ponerPedidoEnCola: station añadido, espere a que sea servido...
2018-11-14 15:42:19 INFO  ProductoManagerImpl:58 - ponerPedidoEnCola: añadiendo station...
2018-11-14 15:42:19 INFO  ProductoManagerImpl:61 - ponerPedidoEnCola: station añadido, espere a que sea servido...
2018-11-14 15:42:19 INFO  ProductoManagerImpl:66 - servirPedido: sirviendo un station...
2018-11-14 15:42:19 INFO  ProductoManagerImpl:74 - servirPedido: el station ha sido servido.
2018-11-14 15:42:19 INFO  ProductoManagerImpl:85 - getProductosOrdenadorPorPrecio: ordenando los bikes por precio...
2018-11-14 15:42:19 INFO  ProductoManagerImpl:86 - Lista sin ordenar: [Nombre: platano Precio: 0.14 Ventas: 0, Nombre: cafe Precio: 1.1 Ventas: 2, Nombre: cocacola Precio: 0.7 Ventas: 1, Nombre: patatas Precio: 1.6 Ventas: 0, Nombre: menu Precio: 6.7 Ventas: 1, Nombre: bocata Precio: 3.3 Ventas: 0, Nombre: agua Precio: 0.6 Ventas: 0]
2018-11-14 15:42:19 INFO  ProductoManagerImpl:94 - Lista ordenada: [Nombre: platano Precio: 0.14 Ventas: 0, Nombre: agua Precio: 0.6 Ventas: 0, Nombre: cocacola Precio: 0.7 Ventas: 1, Nombre: cafe Precio: 1.1 Ventas: 2, Nombre: patatas Precio: 1.6 Ventas: 0, Nombre: bocata Precio: 3.3 Ventas: 0, Nombre: menu Precio: 6.7 Ventas: 1]
2018-11-14 15:42:19 INFO  ProductoManagerImpl:100 - getProductosOrdenadosPorVentas: ordenando los bikes por ventas...
2018-11-14 15:42:19 INFO  ProductoManagerImpl:101 - Lista sin ordenar: [Nombre: platano Precio: 0.14 Ventas: 0, Nombre: cafe Precio: 1.1 Ventas: 2, Nombre: cocacola Precio: 0.7 Ventas: 1, Nombre: patatas Precio: 1.6 Ventas: 0, Nombre: menu Precio: 6.7 Ventas: 1, Nombre: bocata Precio: 3.3 Ventas: 0, Nombre: agua Precio: 0.6 Ventas: 0]
2018-11-14 15:42:19 INFO  ProductoManagerImpl:105 - Lista ordenada: [Nombre: cafe Precio: 1.1 Ventas: 2, Nombre: cocacola Precio: 0.7 Ventas: 1, Nombre: menu Precio: 6.7 Ventas: 1, Nombre: platano Precio: 0.14 Ventas: 0, Nombre: patatas Precio: 1.6 Ventas: 0, Nombre: bocata Precio: 3.3 Ventas: 0, Nombre: agua Precio: 0.6 Ventas: 0]
2018-11-14 15:42:36 INFO  ProductoManagerImpl:58 - ponerPedidoEnCola: añadiendo station...
2018-11-14 15:42:36 INFO  ProductoManagerImpl:61 - ponerPedidoEnCola: station añadido, espere a que sea servido...
2018-11-14 15:42:36 INFO  ProductoManagerImpl:58 - ponerPedidoEnCola: añadiendo station...
2018-11-14 15:42:36 INFO  ProductoManagerImpl:61 - ponerPedidoEnCola: station añadido, espere a que sea servido...
2018-11-14 15:42:36 INFO  ProductoManagerImpl:66 - servirPedido: sirviendo un station...
2018-11-14 15:42:36 INFO  ProductoManagerImpl:74 - servirPedido: el station ha sido servido.
2018-11-14 15:42:36 INFO  ProductoManagerImpl:85 - getProductosOrdenadorPorPrecio: ordenando los bikes por precio...
2018-11-14 15:42:36 INFO  ProductoManagerImpl:86 - Lista sin ordenar: [Nombre:platano Precio:0.14 Ventas:0, Nombre:cafe Precio:1.1 Ventas:2, Nombre:cocacola Precio:0.7 Ventas:1, Nombre:patatas Precio:1.6 Ventas:0, Nombre:menu Precio:6.7 Ventas:1, Nombre:bocata Precio:3.3 Ventas:0, Nombre:agua Precio:0.6 Ventas:0]
2018-11-14 15:42:37 INFO  ProductoManagerImpl:94 - Lista ordenada: [Nombre:platano Precio:0.14 Ventas:0, Nombre:agua Precio:0.6 Ventas:0, Nombre:cocacola Precio:0.7 Ventas:1, Nombre:cafe Precio:1.1 Ventas:2, Nombre:patatas Precio:1.6 Ventas:0, Nombre:bocata Precio:3.3 Ventas:0, Nombre:menu Precio:6.7 Ventas:1]
2018-11-14 15:42:37 INFO  ProductoManagerImpl:100 - getProductosOrdenadosPorVentas: ordenando los bikes por ventas...
2018-11-14 15:42:37 INFO  ProductoManagerImpl:101 - Lista sin ordenar: [Nombre:platano Precio:0.14 Ventas:0, Nombre:cafe Precio:1.1 Ventas:2, Nombre:cocacola Precio:0.7 Ventas:1, Nombre:patatas Precio:1.6 Ventas:0, Nombre:menu Precio:6.7 Ventas:1, Nombre:bocata Precio:3.3 Ventas:0, Nombre:agua Precio:0.6 Ventas:0]
2018-11-14 15:42:37 INFO  ProductoManagerImpl:105 - Lista ordenada: [Nombre:cafe Precio:1.1 Ventas:2, Nombre:cocacola Precio:0.7 Ventas:1, Nombre:menu Precio:6.7 Ventas:1, Nombre:platano Precio:0.14 Ventas:0, Nombre:patatas Precio:1.6 Ventas:0, Nombre:bocata Precio:3.3 Ventas:0, Nombre:agua Precio:0.6 Ventas:0]
2018-11-14 19:23:05 INFO  ProductoManagerImpl:59 - ponerPedidoEnCola: añadiendo station...
2018-11-14 19:23:05 INFO  ProductoManagerImpl:62 - ponerPedidoEnCola: station añadido, espere a que sea servido...
2018-11-14 19:23:05 INFO  ProductoManagerImpl:59 - ponerPedidoEnCola: añadiendo station...
2018-11-14 19:23:05 INFO  ProductoManagerImpl:62 - ponerPedidoEnCola: station añadido, espere a que sea servido...
2018-11-14 19:23:05 INFO  ProductoManagerImpl:67 - servirPedido: sirviendo un station...
2018-11-14 19:23:05 INFO  ProductoManagerImpl:75 - servirPedido: el station ha sido servido.
2018-11-14 19:23:05 INFO  ProductoManagerImpl:86 - getProductosOrdenadorPorPrecio: ordenando los bikes por precio...
2018-11-14 19:23:05 INFO  ProductoManagerImpl:87 - Lista sin ordenar: [Nombre:platano Precio:0.14 Ventas:0, Nombre:cafe Precio:1.1 Ventas:2, Nombre:cocacola Precio:0.7 Ventas:1, Nombre:patatas Precio:1.6 Ventas:0, Nombre:menu Precio:6.7 Ventas:1, Nombre:bocata Precio:3.3 Ventas:0, Nombre:agua Precio:0.6 Ventas:0]
2018-11-14 19:23:05 INFO  ProductoManagerImpl:95 - Lista ordenada: [Nombre:platano Precio:0.14 Ventas:0, Nombre:agua Precio:0.6 Ventas:0, Nombre:cocacola Precio:0.7 Ventas:1, Nombre:cafe Precio:1.1 Ventas:2, Nombre:patatas Precio:1.6 Ventas:0, Nombre:bocata Precio:3.3 Ventas:0, Nombre:menu Precio:6.7 Ventas:1]
2018-11-14 19:23:05 INFO  ProductoManagerImpl:101 - getProductosOrdenadosPorVentas: ordenando los bikes por ventas...
2018-11-14 19:23:05 INFO  ProductoManagerImpl:102 - Lista sin ordenar: [Nombre:platano Precio:0.14 Ventas:0, Nombre:cafe Precio:1.1 Ventas:2, Nombre:cocacola Precio:0.7 Ventas:1, Nombre:patatas Precio:1.6 Ventas:0, Nombre:menu Precio:6.7 Ventas:1, Nombre:bocata Precio:3.3 Ventas:0, Nombre:agua Precio:0.6 Ventas:0]
2018-11-14 19:23:05 INFO  ProductoManagerImpl:106 - Lista ordenada: [Nombre:cafe Precio:1.1 Ventas:2, Nombre:cocacola Precio:0.7 Ventas:1, Nombre:menu Precio:6.7 Ventas:1, Nombre:platano Precio:0.14 Ventas:0, Nombre:patatas Precio:1.6 Ventas:0, Nombre:bocata Precio:3.3 Ventas:0, Nombre:agua Precio:0.6 Ventas:0]
2018-11-14 19:23:37 INFO  ProductoManagerImpl:86 - getProductosOrdenadorPorPrecio: ordenando los bikes por precio...
2018-11-14 19:23:37 INFO  ProductoManagerImpl:87 - Lista sin ordenar: [Nombre:Arroz Precio:1.0 Ventas:0, Nombre:Leche Precio:0.9 Ventas:0, Nombre:Pan Precio:0.4 Ventas:0]
2018-11-14 19:23:37 INFO  ProductoManagerImpl:95 - Lista ordenada: [Nombre:Pan Precio:0.4 Ventas:0, Nombre:Leche Precio:0.9 Ventas:0, Nombre:Arroz Precio:1.0 Ventas:0]
2018-11-14 19:34:51 INFO  ProductoManagerImpl:88 - getProductosOrdenadorPorPrecio: ordenando los bikes por precio...
2018-11-14 19:34:51 INFO  ProductoManagerImpl:89 - Lista sin ordenar: [Nombre:Arroz Precio:1.0 Ventas:0, Nombre:Leche Precio:0.9 Ventas:0, Nombre:Pan Precio:0.4 Ventas:0]
2018-11-14 19:34:51 INFO  ProductoManagerImpl:97 - Lista ordenada: [Nombre:Pan Precio:0.4 Ventas:0, Nombre:Leche Precio:0.9 Ventas:0, Nombre:Arroz Precio:1.0 Ventas:0]
2018-11-14 19:37:57 INFO  ProductoManagerImpl:88 - getProductosOrdenadorPorPrecio: ordenando los bikes por precio...
2018-11-14 19:37:57 INFO  ProductoManagerImpl:89 - Lista sin ordenar: [Nombre:Arroz Precio:1.0 Ventas:0, Nombre:Leche Precio:0.9 Ventas:0, Nombre:Pan Precio:0.4 Ventas:0]
2018-11-14 19:37:58 INFO  ProductoManagerImpl:97 - Lista ordenada: [Nombre:Pan Precio:0.4 Ventas:0, Nombre:Leche Precio:0.9 Ventas:0, Nombre:Arroz Precio:1.0 Ventas:0]
2018-11-14 19:39:55 INFO  ProductoManagerImpl:88 - getProductosOrdenadorPorPrecio: ordenando los bikes por precio...
2018-11-14 19:39:55 INFO  ProductoManagerImpl:89 - Lista sin ordenar: [Nombre:Arroz, Nombre:Leche, Nombre:Pan]
2018-11-14 19:39:55 INFO  ProductoManagerImpl:97 - Lista ordenada: [Nombre:Pan, Nombre:Leche, Nombre:Arroz]
2018-11-14 19:44:24 INFO  ProductoManagerImpl:88 - getProductosOrdenadorPorPrecio: ordenando los bikes por precio...
2018-11-14 19:44:24 INFO  ProductoManagerImpl:89 - Lista sin ordenar: [Producto [nombre=Arroz, precio=1.0, ventas=0], Producto [nombre=Leche, precio=0.9, ventas=0], Producto [nombre=Pan, precio=0.4, ventas=0]]
2018-11-14 19:44:24 INFO  ProductoManagerImpl:97 - Lista ordenada: [Producto [nombre=Pan, precio=0.4, ventas=0], Producto [nombre=Leche, precio=0.9, ventas=0], Producto [nombre=Arroz, precio=1.0, ventas=0]]
2018-11-14 19:44:59 INFO  ProductoManagerImpl:88 - getProductosOrdenadorPorPrecio: ordenando los bikes por precio...
2018-11-14 19:44:59 INFO  ProductoManagerImpl:89 - Lista sin ordenar: [Producto [nombre=Arroz, precio=1.0, ventas=0], Producto [nombre=Leche, precio=0.9, ventas=0], Producto [nombre=Pan, precio=0.4, ventas=0]]
2018-11-14 19:44:59 INFO  ProductoManagerImpl:97 - Lista ordenada: [Producto [nombre=Pan, precio=0.4, ventas=0], Producto [nombre=Leche, precio=0.9, ventas=0], Producto [nombre=Arroz, precio=1.0, ventas=0]]
2018-11-14 19:45:59 INFO  ProductoManagerImpl:88 - getProductosOrdenadorPorPrecio: ordenando los bikes por precio...
2018-11-14 19:45:59 INFO  ProductoManagerImpl:89 - Lista sin ordenar: [Producto nombre=Arroz, precio=1.0, ventas=0], Producto nombre=Leche, precio=0.9, ventas=0], Producto nombre=Pan, precio=0.4, ventas=0]]
2018-11-14 19:45:59 INFO  ProductoManagerImpl:97 - Lista ordenada: [Producto nombre=Pan, precio=0.4, ventas=0], Producto nombre=Leche, precio=0.9, ventas=0], Producto nombre=Arroz, precio=1.0, ventas=0]]
2018-11-14 19:46:51 INFO  ProductoManagerImpl:88 - getProductosOrdenadorPorPrecio: ordenando los bikes por precio...
2018-11-14 19:46:51 INFO  ProductoManagerImpl:89 - Lista sin ordenar: [Producto [Arroz, precio=1.0, ventas=0], Producto [Leche, precio=0.9, ventas=0], Producto [Pan, precio=0.4, ventas=0]]
2018-11-14 19:46:51 INFO  ProductoManagerImpl:97 - Lista ordenada: [Producto [Pan, precio=0.4, ventas=0], Producto [Leche, precio=0.9, ventas=0], Producto [Arroz, precio=1.0, ventas=0]]
2018-11-14 19:51:52 INFO  ProductoManagerImpl:88 - getProductosOrdenadorPorPrecio: ordenando los bikes por precio...
2018-11-14 19:51:52 INFO  ProductoManagerImpl:89 - Lista sin ordenar: [Producto [Arroz, precio=1.0, ventas=0], Producto [Leche, precio=0.9, ventas=0], Producto [Pan, precio=0.4, ventas=0]]
2018-11-14 19:51:52 INFO  ProductoManagerImpl:97 - Lista ordenada: [Producto [Pan, precio=0.4, ventas=0], Producto [Leche, precio=0.9, ventas=0], Producto [Arroz, precio=1.0, ventas=0]]
2018-11-14 20:04:22 INFO  ProductoManagerImpl:94 - getProductosOrdenadorPorPrecio: ordenando los bikes por precio...
2018-11-14 20:04:22 INFO  ProductoManagerImpl:95 - Lista sin ordenar: [Producto [Arroz, precio=1.0, ventas=0], Producto [Leche, precio=0.9, ventas=0], Producto [Pan, precio=0.4, ventas=0]]
2018-11-14 20:04:22 INFO  ProductoManagerImpl:103 - Lista ordenada: [Producto [Pan, precio=0.4, ventas=0], Producto [Leche, precio=0.9, ventas=0], Producto [Arroz, precio=1.0, ventas=0]]
2018-11-14 20:04:59 INFO  ProductoManagerImpl:94 - getProductosOrdenadorPorPrecio: ordenando los bikes por precio...
2018-11-14 20:04:59 INFO  ProductoManagerImpl:95 - Lista sin ordenar: [Producto [Arroz, precio=1.0, ventas=1], Producto [Leche, precio=0.9, ventas=0], Producto [Pan, precio=0.4, ventas=0]]
2018-11-14 20:04:59 INFO  ProductoManagerImpl:103 - Lista ordenada: [Producto [Pan, precio=0.4, ventas=0], Producto [Leche, precio=0.9, ventas=0], Producto [Arroz, precio=1.0, ventas=1]]
2018-11-14 20:05:29 INFO  ProductoManagerImpl:94 - getProductosOrdenadorPorPrecio: ordenando los bikes por precio...
2018-11-14 20:05:29 INFO  ProductoManagerImpl:95 - Lista sin ordenar: [Producto [Arroz, precio=1.0, ventas=1], Producto [Leche, precio=0.9, ventas=0], Producto [Pan, precio=0.4, ventas=0]]
2018-11-14 20:05:29 INFO  ProductoManagerImpl:103 - Lista ordenada: [Producto [Pan, precio=0.4, ventas=0], Producto [Leche, precio=0.9, ventas=0], Producto [Arroz, precio=1.0, ventas=1]]
2018-11-14 20:08:18 INFO  ProductoManagerImpl:94 - getProductosOrdenadorPorPrecio: ordenando los bikes por precio...
2018-11-14 20:08:18 INFO  ProductoManagerImpl:95 - Lista sin ordenar: [Producto [Arroz, precio=1.0, ventas=0], Producto [Leche, precio=0.9, ventas=0], Producto [Pan, precio=0.4, ventas=0]]
2018-11-14 20:08:18 INFO  ProductoManagerImpl:103 - Lista ordenada: [Producto [Pan, precio=0.4, ventas=0], Producto [Leche, precio=0.9, ventas=0], Producto [Arroz, precio=1.0, ventas=0]]
2018-11-14 20:09:11 INFO  ProductoManagerImpl:94 - getProductosOrdenadorPorPrecio: ordenando los bikes por precio...
2018-11-14 20:09:11 INFO  ProductoManagerImpl:95 - Lista sin ordenar: [Producto [Arroz, precio=1.0, ventas=0], Producto [Leche, precio=0.9, ventas=0], Producto [Pan, precio=0.4, ventas=0]]
2018-11-14 20:09:11 INFO  ProductoManagerImpl:103 - Lista ordenada: [Producto [Pan, precio=0.4, ventas=0], Producto [Leche, precio=0.9, ventas=0], Producto [Arroz, precio=1.0, ventas=0]]
2018-11-14 20:09:17 INFO  ProductoManagerImpl:94 - getProductosOrdenadorPorPrecio: ordenando los bikes por precio...
2018-11-14 20:09:17 INFO  ProductoManagerImpl:95 - Lista sin ordenar: [Producto [Arroz, precio=1.0, ventas=0], Producto [Leche, precio=0.9, ventas=0], Producto [Pan, precio=0.4, ventas=0]]
2018-11-14 20:09:17 INFO  ProductoManagerImpl:103 - Lista ordenada: [Producto [Pan, precio=0.4, ventas=0], Producto [Leche, precio=0.9, ventas=0], Producto [Arroz, precio=1.0, ventas=0]]
2018-11-14 20:11:43 INFO  ProductoManagerImpl:94 - getProductosOrdenadorPorPrecio: ordenando los bikes por precio...
2018-11-14 20:11:43 INFO  ProductoManagerImpl:95 - Lista sin ordenar: [Producto [Arroz, precio=1.0, ventas=0], Producto [Leche, precio=0.9, ventas=0], Producto [Pan, precio=0.4, ventas=0]]
2018-11-14 20:11:43 INFO  ProductoManagerImpl:103 - Lista ordenada: [Producto [Pan, precio=0.4, ventas=0], Producto [Leche, precio=0.9, ventas=0], Producto [Arroz, precio=1.0, ventas=0]]
2018-11-14 20:12:08 INFO  ProductoManagerImpl:94 - getProductosOrdenadorPorPrecio: ordenando los bikes por precio...
2018-11-14 20:12:08 INFO  ProductoManagerImpl:95 - Lista sin ordenar: [Producto [Arroz, precio=1.0, ventas=0], Producto [Leche, precio=12.0, ventas=0], Producto [Pan, precio=0.4, ventas=0]]
2018-11-14 20:12:08 INFO  ProductoManagerImpl:103 - Lista ordenada: [Producto [Pan, precio=0.4, ventas=0], Producto [Arroz, precio=1.0, ventas=0], Producto [Leche, precio=12.0, ventas=0]]
<<<<<<< HEAD
2018-11-15 14:42:37 INFO  ProductoManagerImpl:94 - getProductosOrdenadorPorPrecio: ordenando los bikes por precio...
2018-11-15 14:42:37 INFO  ProductoManagerImpl:95 - Lista sin ordenar: [Producto [Arroz, precio=1.0, ventas=0], Producto [Leche, precio=0.9, ventas=0], Producto [Pan, precio=0.4, ventas=0]]
2018-11-15 14:42:37 INFO  ProductoManagerImpl:103 - Lista ordenada: [Producto [Pan, precio=0.4, ventas=0], Producto [Leche, precio=0.9, ventas=0], Producto [Arroz, precio=1.0, ventas=0]]
2018-11-15 14:43:02 INFO  ProductoManagerImpl:94 - getProductosOrdenadorPorPrecio: ordenando los bikes por precio...
2018-11-15 14:43:02 INFO  ProductoManagerImpl:95 - Lista sin ordenar: [Producto [Arroz, precio=1.0, ventas=0], Producto [Leche, precio=0.9, ventas=0], Producto [Pan, precio=0.4, ventas=0]]
2018-11-15 14:43:02 INFO  ProductoManagerImpl:103 - Lista ordenada: [Producto [Pan, precio=0.4, ventas=0], Producto [Leche, precio=0.9, ventas=0], Producto [Arroz, precio=1.0, ventas=0]]
2018-11-15 14:43:30 INFO  ProductoManagerImpl:94 - getProductosOrdenadorPorPrecio: ordenando los bikes por precio...
2018-11-15 14:43:30 INFO  ProductoManagerImpl:95 - Lista sin ordenar: [Producto [Arroz, precio=1.0, ventas=0], Producto [Leche, precio=0.9, ventas=0], Producto [Pan, precio=0.4, ventas=0]]
2018-11-15 14:43:30 INFO  ProductoManagerImpl:103 - Lista ordenada: [Producto [Pan, precio=0.4, ventas=0], Producto [Leche, precio=0.9, ventas=0], Producto [Arroz, precio=1.0, ventas=0]]
2018-11-15 15:08:35 INFO  ProductoManagerImpl:67 - ponerPedidoEnCola: añadiendo station...
2018-11-15 15:08:35 INFO  ProductoManagerImpl:70 - ponerPedidoEnCola: station añadido, espere a que sea servido...
2018-11-15 15:08:35 INFO  ProductoManagerImpl:67 - ponerPedidoEnCola: añadiendo station...
2018-11-15 15:08:35 INFO  ProductoManagerImpl:70 - ponerPedidoEnCola: station añadido, espere a que sea servido...
2018-11-15 15:08:35 INFO  ProductoManagerImpl:75 - servirPedido: sirviendo un station...
2018-11-15 15:08:35 INFO  ProductoManagerImpl:83 - servirPedido: el station ha sido servido.
2018-11-15 15:08:35 INFO  ProductoManagerImpl:94 - getProductosOrdenadorPorPrecio: ordenando los bikes por precio...
2018-11-15 15:08:35 INFO  ProductoManagerImpl:95 - Lista sin ordenar: [Producto [platano, precio=0.14, ventas=0], Producto [cafe, precio=1.1, ventas=0], Producto [cocacola, precio=0.7, ventas=0], Producto [patatas, precio=1.6, ventas=0], Producto [menu, precio=6.7, ventas=0], Producto [bocata, precio=3.3, ventas=0], Producto [agua, precio=0.6, ventas=0]]
2018-11-15 15:08:35 INFO  ProductoManagerImpl:103 - Lista ordenada: [Producto [platano, precio=0.14, ventas=0], Producto [agua, precio=0.6, ventas=0], Producto [cocacola, precio=0.7, ventas=0], Producto [cafe, precio=1.1, ventas=0], Producto [patatas, precio=1.6, ventas=0], Producto [bocata, precio=3.3, ventas=0], Producto [menu, precio=6.7, ventas=0]]
2018-11-15 15:08:35 INFO  ProductoManagerImpl:109 - getProductosOrdenadosPorVentas: ordenando los bikes por ventas...
2018-11-15 15:08:35 INFO  ProductoManagerImpl:110 - Lista sin ordenar: [Producto [platano, precio=0.14, ventas=0], Producto [cafe, precio=1.1, ventas=0], Producto [cocacola, precio=0.7, ventas=0], Producto [patatas, precio=1.6, ventas=0], Producto [menu, precio=6.7, ventas=0], Producto [bocata, precio=3.3, ventas=0], Producto [agua, precio=0.6, ventas=0]]
2018-11-15 15:08:35 INFO  ProductoManagerImpl:114 - Lista ordenada: [Producto [platano, precio=0.14, ventas=0], Producto [cafe, precio=1.1, ventas=0], Producto [cocacola, precio=0.7, ventas=0], Producto [patatas, precio=1.6, ventas=0], Producto [menu, precio=6.7, ventas=0], Producto [bocata, precio=3.3, ventas=0], Producto [agua, precio=0.6, ventas=0]]
2018-11-15 15:10:28 INFO  ProductoManagerImpl:67 - ponerPedidoEnCola: añadiendo station...
2018-11-15 15:10:28 INFO  ProductoManagerImpl:70 - ponerPedidoEnCola: station añadido, espere a que sea servido...
2018-11-15 15:10:28 INFO  ProductoManagerImpl:67 - ponerPedidoEnCola: añadiendo station...
2018-11-15 15:10:28 INFO  ProductoManagerImpl:70 - ponerPedidoEnCola: station añadido, espere a que sea servido...
2018-11-15 15:10:28 INFO  ProductoManagerImpl:75 - servirPedido: sirviendo un station...
2018-11-15 15:10:28 INFO  ProductoManagerImpl:83 - servirPedido: el station ha sido servido.
2018-11-15 15:10:28 INFO  ProductoManagerImpl:94 - getProductosOrdenadorPorPrecio: ordenando los bikes por precio...
2018-11-15 15:10:28 INFO  ProductoManagerImpl:95 - Lista sin ordenar: [Producto [platano, precio=0.14, ventas=0], Producto [cafe, precio=1.1, ventas=0], Producto [cocacola, precio=0.7, ventas=0], Producto [patatas, precio=1.6, ventas=0], Producto [menu, precio=6.7, ventas=0], Producto [bocata, precio=3.3, ventas=0], Producto [agua, precio=0.6, ventas=0]]
2018-11-15 15:10:28 INFO  ProductoManagerImpl:103 - Lista ordenada: [Producto [platano, precio=0.14, ventas=0], Producto [agua, precio=0.6, ventas=0], Producto [cocacola, precio=0.7, ventas=0], Producto [cafe, precio=1.1, ventas=0], Producto [patatas, precio=1.6, ventas=0], Producto [bocata, precio=3.3, ventas=0], Producto [menu, precio=6.7, ventas=0]]
2018-11-15 15:10:28 INFO  ProductoManagerImpl:109 - getProductosOrdenadosPorVentas: ordenando los bikes por ventas...
2018-11-15 15:10:28 INFO  ProductoManagerImpl:110 - Lista sin ordenar: [Producto [platano, precio=0.14, ventas=0], Producto [cafe, precio=1.1, ventas=0], Producto [cocacola, precio=0.7, ventas=0], Producto [patatas, precio=1.6, ventas=0], Producto [menu, precio=6.7, ventas=0], Producto [bocata, precio=3.3, ventas=0], Producto [agua, precio=0.6, ventas=0]]
2018-11-15 15:10:28 INFO  ProductoManagerImpl:114 - Lista ordenada: [Producto [platano, precio=0.14, ventas=0], Producto [cafe, precio=1.1, ventas=0], Producto [cocacola, precio=0.7, ventas=0], Producto [patatas, precio=1.6, ventas=0], Producto [menu, precio=6.7, ventas=0], Producto [bocata, precio=3.3, ventas=0], Producto [agua, precio=0.6, ventas=0]]
2018-11-15 15:19:24 INFO  ProductoManagerImpl:75 - servirPedido: sirviendo un station...
2018-11-15 15:19:24 INFO  ProductoManagerImpl:87 - servirPedido: no hay pedidos en cola
2018-11-15 15:19:24 INFO  ProductoManagerImpl:94 - getProductosOrdenadorPorPrecio: ordenando los bikes por precio...
2018-11-15 15:19:24 INFO  ProductoManagerImpl:95 - Lista sin ordenar: [Producto [platano, precio=0.14, ventas=0], Producto [cafe, precio=1.1, ventas=0], Producto [cocacola, precio=0.7, ventas=0], Producto [patatas, precio=1.6, ventas=0], Producto [menu, precio=6.7, ventas=0], Producto [bocata, precio=3.3, ventas=0], Producto [agua, precio=0.6, ventas=0]]
2018-11-15 15:19:24 INFO  ProductoManagerImpl:103 - Lista ordenada: [Producto [platano, precio=0.14, ventas=0], Producto [agua, precio=0.6, ventas=0], Producto [cocacola, precio=0.7, ventas=0], Producto [cafe, precio=1.1, ventas=0], Producto [patatas, precio=1.6, ventas=0], Producto [bocata, precio=3.3, ventas=0], Producto [menu, precio=6.7, ventas=0]]
2018-11-15 15:19:24 INFO  ProductoManagerImpl:109 - getProductosOrdenadosPorVentas: ordenando los bikes por ventas...
2018-11-15 15:19:24 INFO  ProductoManagerImpl:110 - Lista sin ordenar: [Producto [platano, precio=0.14, ventas=0], Producto [cafe, precio=1.1, ventas=0], Producto [cocacola, precio=0.7, ventas=0], Producto [patatas, precio=1.6, ventas=0], Producto [menu, precio=6.7, ventas=0], Producto [bocata, precio=3.3, ventas=0], Producto [agua, precio=0.6, ventas=0]]
2018-11-15 15:19:24 INFO  ProductoManagerImpl:114 - Lista ordenada: [Producto [platano, precio=0.14, ventas=0], Producto [cafe, precio=1.1, ventas=0], Producto [cocacola, precio=0.7, ventas=0], Producto [patatas, precio=1.6, ventas=0], Producto [menu, precio=6.7, ventas=0], Producto [bocata, precio=3.3, ventas=0], Producto [agua, precio=0.6, ventas=0]]
2018-11-15 15:19:25 INFO  ProductoManagerImpl:67 - ponerPedidoEnCola: añadiendo station...
2018-11-15 15:19:25 INFO  ProductoManagerImpl:70 - ponerPedidoEnCola: station añadido, espere a que sea servido...
2018-11-15 15:19:25 INFO  ProductoManagerImpl:67 - ponerPedidoEnCola: añadiendo station...
2018-11-15 15:19:25 INFO  ProductoManagerImpl:70 - ponerPedidoEnCola: station añadido, espere a que sea servido...
2018-11-15 15:27:18 INFO  ProductoManagerImpl:75 - servirPedido: sirviendo un station...
2018-11-15 15:27:18 INFO  ProductoManagerImpl:87 - servirPedido: no hay pedidos en cola
2018-11-15 15:27:18 INFO  ProductoManagerImpl:94 - getProductosOrdenadorPorPrecio: ordenando los bikes por precio...
2018-11-15 15:27:18 INFO  ProductoManagerImpl:95 - Lista sin ordenar: [Producto [platano, precio=0.14, ventas=0], Producto [cafe, precio=1.1, ventas=0], Producto [cocacola, precio=0.7, ventas=0], Producto [patatas, precio=1.6, ventas=0], Producto [menu, precio=6.7, ventas=0], Producto [bocata, precio=3.3, ventas=0], Producto [agua, precio=0.6, ventas=0]]
2018-11-15 15:27:18 INFO  ProductoManagerImpl:103 - Lista ordenada: [Producto [platano, precio=0.14, ventas=0], Producto [agua, precio=0.6, ventas=0], Producto [cocacola, precio=0.7, ventas=0], Producto [cafe, precio=1.1, ventas=0], Producto [patatas, precio=1.6, ventas=0], Producto [bocata, precio=3.3, ventas=0], Producto [menu, precio=6.7, ventas=0]]
2018-11-15 15:27:18 INFO  ProductoManagerImpl:109 - getProductosOrdenadosPorVentas: ordenando los bikes por ventas...
2018-11-15 15:27:18 INFO  ProductoManagerImpl:110 - Lista sin ordenar: [Producto [platano, precio=0.14, ventas=0], Producto [cafe, precio=1.1, ventas=0], Producto [cocacola, precio=0.7, ventas=0], Producto [patatas, precio=1.6, ventas=0], Producto [menu, precio=6.7, ventas=0], Producto [bocata, precio=3.3, ventas=0], Producto [agua, precio=0.6, ventas=0]]
2018-11-15 15:27:18 INFO  ProductoManagerImpl:114 - Lista ordenada: [Producto [platano, precio=0.14, ventas=0], Producto [cafe, precio=1.1, ventas=0], Producto [cocacola, precio=0.7, ventas=0], Producto [patatas, precio=1.6, ventas=0], Producto [menu, precio=6.7, ventas=0], Producto [bocata, precio=3.3, ventas=0], Producto [agua, precio=0.6, ventas=0]]
2018-11-15 15:27:18 INFO  ProductoManagerImpl:67 - realizarPedido: añadiendo station...
2018-11-15 15:27:18 INFO  ProductoManagerImpl:70 - realizarPedido: station añadido, espere a que sea servido...
2018-11-15 15:27:18 INFO  ProductoManagerImpl:67 - realizarPedido: añadiendo station...
2018-11-15 15:27:18 INFO  ProductoManagerImpl:70 - realizarPedido: station añadido, espere a que sea servido...
2018-11-15 15:27:34 INFO  ProductoManagerImpl:75 - servirPedido: sirviendo un station...
2018-11-15 15:27:34 INFO  ProductoManagerImpl:87 - servirPedido: no hay pedidos en cola
2018-11-15 15:27:34 INFO  ProductoManagerImpl:94 - getProductosOrdenadorPorPrecio: ordenando los bikes por precio...
2018-11-15 15:27:34 INFO  ProductoManagerImpl:95 - Lista sin ordenar: [Producto [platano, precio=0.14, ventas=0], Producto [cafe, precio=1.1, ventas=0], Producto [cocacola, precio=0.7, ventas=0], Producto [patatas, precio=1.6, ventas=0], Producto [menu, precio=6.7, ventas=0], Producto [bocata, precio=3.3, ventas=0], Producto [agua, precio=0.6, ventas=0]]
2018-11-15 15:27:34 INFO  ProductoManagerImpl:103 - Lista ordenada: [Producto [platano, precio=0.14, ventas=0], Producto [agua, precio=0.6, ventas=0], Producto [cocacola, precio=0.7, ventas=0], Producto [cafe, precio=1.1, ventas=0], Producto [patatas, precio=1.6, ventas=0], Producto [bocata, precio=3.3, ventas=0], Producto [menu, precio=6.7, ventas=0]]
2018-11-15 15:27:34 INFO  ProductoManagerImpl:109 - getProductosOrdenadosPorVentas: ordenando los bikes por ventas...
2018-11-15 15:27:34 INFO  ProductoManagerImpl:110 - Lista sin ordenar: [Producto [platano, precio=0.14, ventas=0], Producto [cafe, precio=1.1, ventas=0], Producto [cocacola, precio=0.7, ventas=0], Producto [patatas, precio=1.6, ventas=0], Producto [menu, precio=6.7, ventas=0], Producto [bocata, precio=3.3, ventas=0], Producto [agua, precio=0.6, ventas=0]]
2018-11-15 15:27:34 INFO  ProductoManagerImpl:114 - Lista ordenada: [Producto [platano, precio=0.14, ventas=0], Producto [cafe, precio=1.1, ventas=0], Producto [cocacola, precio=0.7, ventas=0], Producto [patatas, precio=1.6, ventas=0], Producto [menu, precio=6.7, ventas=0], Producto [bocata, precio=3.3, ventas=0], Producto [agua, precio=0.6, ventas=0]]
2018-11-15 15:27:34 INFO  ProductoManagerImpl:67 - realizarPedido: añadiendo station...
2018-11-15 15:27:34 INFO  ProductoManagerImpl:70 - realizarPedido: station añadido, espere a que sea servido...
2018-11-15 15:27:34 INFO  ProductoManagerImpl:67 - realizarPedido: añadiendo station...
2018-11-15 15:27:34 INFO  ProductoManagerImpl:70 - realizarPedido: station añadido, espere a que sea servido...
2018-11-15 15:41:01 INFO  ProductoManagerImpl:95 - getProductosOrdenadorPorPrecio: ordenando los bikes por precio...
2018-11-15 15:41:01 INFO  ProductoManagerImpl:96 - Lista sin ordenar: [Producto [platano, precio=0.14, ventas=0], Producto [cafe, precio=1.1, ventas=0], Producto [cocacola, precio=0.7, ventas=0], Producto [patatas, precio=1.6, ventas=0], Producto [menu, precio=6.7, ventas=0], Producto [bocata, precio=3.3, ventas=0], Producto [agua, precio=0.6, ventas=0]]
2018-11-15 15:41:01 INFO  ProductoManagerImpl:104 - Lista ordenada: [Producto [platano, precio=0.14, ventas=0], Producto [agua, precio=0.6, ventas=0], Producto [cocacola, precio=0.7, ventas=0], Producto [cafe, precio=1.1, ventas=0], Producto [patatas, precio=1.6, ventas=0], Producto [bocata, precio=3.3, ventas=0], Producto [menu, precio=6.7, ventas=0]]
2018-11-15 15:41:01 INFO  ProductoManagerImpl:110 - getProductosOrdenadosPorVentas: ordenando los bikes por ventas...
2018-11-15 15:41:01 INFO  ProductoManagerImpl:111 - Lista sin ordenar: [Producto [platano, precio=0.14, ventas=0], Producto [cafe, precio=1.1, ventas=0], Producto [cocacola, precio=0.7, ventas=0], Producto [patatas, precio=1.6, ventas=0], Producto [menu, precio=6.7, ventas=0], Producto [bocata, precio=3.3, ventas=0], Producto [agua, precio=0.6, ventas=0]]
2018-11-15 15:41:01 INFO  ProductoManagerImpl:115 - Lista ordenada: [Producto [platano, precio=0.14, ventas=0], Producto [cafe, precio=1.1, ventas=0], Producto [cocacola, precio=0.7, ventas=0], Producto [patatas, precio=1.6, ventas=0], Producto [menu, precio=6.7, ventas=0], Producto [bocata, precio=3.3, ventas=0], Producto [agua, precio=0.6, ventas=0]]
2018-11-15 15:41:02 INFO  ProductoManagerImpl:68 - realizarPedido: añadiendo station...
2018-11-15 15:41:02 INFO  ProductoManagerImpl:71 - realizarPedido: station añadido, espere a que sea servido...
2018-11-15 15:41:02 INFO  ProductoManagerImpl:68 - realizarPedido: añadiendo station...
2018-11-15 15:41:02 INFO  ProductoManagerImpl:71 - realizarPedido: station añadido, espere a que sea servido...
2018-11-15 15:41:02 INFO  ProductoManagerImpl:76 - servirPedido: sirviendo un station...
2018-11-15 15:41:02 INFO  ProductoManagerImpl:84 - servirPedido: el station ha sido servido.
2018-11-15 15:49:34 INFO  ProductoManagerImpl:95 - getProductosOrdenadorPorPrecio: ordenando los bikes por precio...
2018-11-15 15:49:34 INFO  ProductoManagerImpl:96 - Lista sin ordenar: [Producto [platano, precio=0.14, ventas=0], Producto [cafe, precio=1.1, ventas=0], Producto [cocacola, precio=0.7, ventas=0], Producto [patatas, precio=1.6, ventas=0], Producto [menu, precio=6.7, ventas=0], Producto [bocata, precio=3.3, ventas=0], Producto [agua, precio=0.6, ventas=0]]
2018-11-15 15:49:34 INFO  ProductoManagerImpl:104 - Lista ordenada: [Producto [platano, precio=0.14, ventas=0], Producto [agua, precio=0.6, ventas=0], Producto [cocacola, precio=0.7, ventas=0], Producto [cafe, precio=1.1, ventas=0], Producto [patatas, precio=1.6, ventas=0], Producto [bocata, precio=3.3, ventas=0], Producto [menu, precio=6.7, ventas=0]]
2018-11-15 15:49:34 INFO  ProductoManagerImpl:110 - getProductosOrdenadosPorVentas: ordenando los bikes por ventas...
2018-11-15 15:49:34 INFO  ProductoManagerImpl:111 - Lista sin ordenar: [Producto [platano, precio=0.14, ventas=0], Producto [cafe, precio=1.1, ventas=0], Producto [cocacola, precio=0.7, ventas=0], Producto [patatas, precio=1.6, ventas=0], Producto [menu, precio=6.7, ventas=0], Producto [bocata, precio=3.3, ventas=0], Producto [agua, precio=0.6, ventas=0]]
2018-11-15 15:49:34 INFO  ProductoManagerImpl:115 - Lista ordenada: [Producto [platano, precio=0.14, ventas=0], Producto [cafe, precio=1.1, ventas=0], Producto [cocacola, precio=0.7, ventas=0], Producto [patatas, precio=1.6, ventas=0], Producto [menu, precio=6.7, ventas=0], Producto [bocata, precio=3.3, ventas=0], Producto [agua, precio=0.6, ventas=0]]
2018-11-15 15:49:34 INFO  ProductoManagerImpl:68 - realizarPedido: añadiendo station...
2018-11-15 15:49:34 INFO  ProductoManagerImpl:71 - realizarPedido: station añadido, espere a que sea servido...
2018-11-15 15:49:34 INFO  ProductoManagerImpl:68 - realizarPedido: añadiendo station...
2018-11-15 15:49:34 INFO  ProductoManagerImpl:71 - realizarPedido: station añadido, espere a que sea servido...
2018-11-15 15:49:34 INFO  ProductoManagerImpl:76 - servirPedido: sirviendo un station...
2018-11-15 15:49:34 INFO  ProductoManagerImpl:84 - servirPedido: el station ha sido servido.
2018-11-15 15:49:35 INFO  ProductoManagerImpl:95 - getProductosOrdenadorPorPrecio: ordenando los bikes por precio...
2018-11-15 15:49:35 INFO  ProductoManagerImpl:96 - Lista sin ordenar: [Producto [platano, precio=0.14, ventas=0], Producto [cafe, precio=1.1, ventas=0], Producto [cocacola, precio=0.7, ventas=0], Producto [patatas, precio=1.6, ventas=0], Producto [menu, precio=6.7, ventas=0], Producto [bocata, precio=3.3, ventas=0], Producto [agua, precio=0.6, ventas=0]]
2018-11-15 15:49:35 INFO  ProductoManagerImpl:104 - Lista ordenada: [Producto [platano, precio=0.14, ventas=0], Producto [agua, precio=0.6, ventas=0], Producto [cocacola, precio=0.7, ventas=0], Producto [cafe, precio=1.1, ventas=0], Producto [patatas, precio=1.6, ventas=0], Producto [bocata, precio=3.3, ventas=0], Producto [menu, precio=6.7, ventas=0]]
2018-11-15 16:07:02 INFO  ProductoManagerImpl:98 - getProductosOrdenadorPorPrecio: ordenando los bikes por precio...
2018-11-15 16:07:02 INFO  ProductoManagerImpl:99 - Lista sin ordenar: [Producto [platano, precio=0.14, ventas=0], Producto [cafe, precio=1.1, ventas=0], Producto [cocacola, precio=0.7, ventas=0], Producto [patatas, precio=1.6, ventas=0], Producto [menu, precio=6.7, ventas=0], Producto [bocata, precio=3.3, ventas=0], Producto [agua, precio=0.6, ventas=0]]
2018-11-15 16:07:02 INFO  ProductoManagerImpl:107 - Lista ordenada: [Producto [platano, precio=0.14, ventas=0], Producto [agua, precio=0.6, ventas=0], Producto [cocacola, precio=0.7, ventas=0], Producto [cafe, precio=1.1, ventas=0], Producto [patatas, precio=1.6, ventas=0], Producto [bocata, precio=3.3, ventas=0], Producto [menu, precio=6.7, ventas=0]]
2018-11-15 16:07:02 INFO  ProductoManagerImpl:113 - getProductosOrdenadosPorVentas: ordenando los bikes por ventas...
2018-11-15 16:07:02 INFO  ProductoManagerImpl:114 - Lista sin ordenar: [Producto [platano, precio=0.14, ventas=0], Producto [cafe, precio=1.1, ventas=0], Producto [cocacola, precio=0.7, ventas=0], Producto [patatas, precio=1.6, ventas=0], Producto [menu, precio=6.7, ventas=0], Producto [bocata, precio=3.3, ventas=0], Producto [agua, precio=0.6, ventas=0]]
2018-11-15 16:07:02 INFO  ProductoManagerImpl:118 - Lista ordenada: [Producto [platano, precio=0.14, ventas=0], Producto [cafe, precio=1.1, ventas=0], Producto [cocacola, precio=0.7, ventas=0], Producto [patatas, precio=1.6, ventas=0], Producto [menu, precio=6.7, ventas=0], Producto [bocata, precio=3.3, ventas=0], Producto [agua, precio=0.6, ventas=0]]
2018-11-15 16:07:03 INFO  ProductoManagerImpl:68 - realizarPedido: añadiendo station...
2018-11-15 16:07:03 INFO  ProductoManagerImpl:71 - realizarPedido: station añadido, espere a que sea servido...
2018-11-15 16:07:03 INFO  ProductoManagerImpl:68 - realizarPedido: añadiendo station...
2018-11-15 16:07:03 INFO  ProductoManagerImpl:71 - realizarPedido: station añadido, espere a que sea servido...
2018-11-15 16:07:03 INFO  ProductoManagerImpl:76 - servirPedido: sirviendo un station...
2018-11-15 16:07:03 INFO  ProductoManagerImpl:87 - servirPedido: el station ha sido servido.
2018-11-15 16:07:03 INFO  ProductoManagerImpl:98 - getProductosOrdenadorPorPrecio: ordenando los bikes por precio...
2018-11-15 16:07:03 INFO  ProductoManagerImpl:99 - Lista sin ordenar: [Producto [platano, precio=0.14, ventas=0], Producto [cafe, precio=1.1, ventas=0], Producto [cocacola, precio=0.7, ventas=0], Producto [patatas, precio=1.6, ventas=0], Producto [menu, precio=6.7, ventas=0], Producto [bocata, precio=3.3, ventas=0], Producto [agua, precio=0.6, ventas=0]]
2018-11-15 16:07:03 INFO  ProductoManagerImpl:107 - Lista ordenada: [Producto [platano, precio=0.14, ventas=0], Producto [agua, precio=0.6, ventas=0], Producto [cocacola, precio=0.7, ventas=0], Producto [cafe, precio=1.1, ventas=0], Producto [patatas, precio=1.6, ventas=0], Producto [bocata, precio=3.3, ventas=0], Producto [menu, precio=6.7, ventas=0]]
2018-11-15 16:10:50 INFO  ProductoManagerImpl:99 - getProductosOrdenadorPorPrecio: ordenando los bikes por precio...
2018-11-15 16:10:50 INFO  ProductoManagerImpl:100 - Lista sin ordenar: [Producto [platano, precio=0.14, ventas=0], Producto [cafe, precio=1.1, ventas=0], Producto [cocacola, precio=0.7, ventas=0], Producto [patatas, precio=1.6, ventas=0], Producto [menu, precio=6.7, ventas=0], Producto [bocata, precio=3.3, ventas=0], Producto [agua, precio=0.6, ventas=0]]
2018-11-15 16:10:50 INFO  ProductoManagerImpl:108 - Lista ordenada: [Producto [platano, precio=0.14, ventas=0], Producto [agua, precio=0.6, ventas=0], Producto [cocacola, precio=0.7, ventas=0], Producto [cafe, precio=1.1, ventas=0], Producto [patatas, precio=1.6, ventas=0], Producto [bocata, precio=3.3, ventas=0], Producto [menu, precio=6.7, ventas=0]]
2018-11-15 16:10:50 INFO  ProductoManagerImpl:114 - getProductosOrdenadosPorVentas: ordenando los bikes por ventas...
2018-11-15 16:10:50 INFO  ProductoManagerImpl:115 - Lista sin ordenar: [Producto [platano, precio=0.14, ventas=0], Producto [cafe, precio=1.1, ventas=0], Producto [cocacola, precio=0.7, ventas=0], Producto [patatas, precio=1.6, ventas=0], Producto [menu, precio=6.7, ventas=0], Producto [bocata, precio=3.3, ventas=0], Producto [agua, precio=0.6, ventas=0]]
2018-11-15 16:10:50 INFO  ProductoManagerImpl:119 - Lista ordenada: [Producto [platano, precio=0.14, ventas=0], Producto [cafe, precio=1.1, ventas=0], Producto [cocacola, precio=0.7, ventas=0], Producto [patatas, precio=1.6, ventas=0], Producto [menu, precio=6.7, ventas=0], Producto [bocata, precio=3.3, ventas=0], Producto [agua, precio=0.6, ventas=0]]
2018-11-15 16:10:50 INFO  ProductoManagerImpl:68 - realizarPedido: añadiendo station...
2018-11-15 16:10:50 INFO  ProductoManagerImpl:71 - realizarPedido: station añadido, espere a que sea servido...
2018-11-15 16:10:50 INFO  ProductoManagerImpl:68 - realizarPedido: añadiendo station...
2018-11-15 16:10:50 INFO  ProductoManagerImpl:71 - realizarPedido: station añadido, espere a que sea servido...
2018-11-15 16:10:50 INFO  ProductoManagerImpl:76 - servirPedido: sirviendo un station...
2018-11-15 16:10:50 INFO  ProductoManagerImpl:86 - cafe=1
2018-11-15 16:10:50 INFO  ProductoManagerImpl:86 - cocacola=1
2018-11-15 16:10:50 INFO  ProductoManagerImpl:86 - menu=1
2018-11-15 16:10:50 INFO  ProductoManagerImpl:86 - cafe=2
2018-11-15 16:10:50 INFO  ProductoManagerImpl:88 - servirPedido: el station ha sido servido.
2018-11-15 16:10:50 INFO  ProductoManagerImpl:99 - getProductosOrdenadorPorPrecio: ordenando los bikes por precio...
2018-11-15 16:10:50 INFO  ProductoManagerImpl:100 - Lista sin ordenar: [Producto [platano, precio=0.14, ventas=0], Producto [cafe, precio=1.1, ventas=0], Producto [cocacola, precio=0.7, ventas=0], Producto [patatas, precio=1.6, ventas=0], Producto [menu, precio=6.7, ventas=0], Producto [bocata, precio=3.3, ventas=0], Producto [agua, precio=0.6, ventas=0]]
2018-11-15 16:10:50 INFO  ProductoManagerImpl:108 - Lista ordenada: [Producto [platano, precio=0.14, ventas=0], Producto [agua, precio=0.6, ventas=0], Producto [cocacola, precio=0.7, ventas=0], Producto [cafe, precio=1.1, ventas=0], Producto [patatas, precio=1.6, ventas=0], Producto [bocata, precio=3.3, ventas=0], Producto [menu, precio=6.7, ventas=0]]
2018-11-15 16:12:47 INFO  ProductoManagerImpl:99 - getProductosOrdenadosPorPrecio: ordenando los bikes por precio...
2018-11-15 16:12:47 INFO  ProductoManagerImpl:100 - Lista sin ordenar: [Producto [platano, precio=0.14, ventas=0], Producto [cafe, precio=1.1, ventas=0], Producto [cocacola, precio=0.7, ventas=0], Producto [patatas, precio=1.6, ventas=0], Producto [menu, precio=6.7, ventas=0], Producto [bocata, precio=3.3, ventas=0], Producto [agua, precio=0.6, ventas=0]]
2018-11-15 16:12:47 INFO  ProductoManagerImpl:108 - Lista ordenada: [Producto [platano, precio=0.14, ventas=0], Producto [agua, precio=0.6, ventas=0], Producto [cocacola, precio=0.7, ventas=0], Producto [cafe, precio=1.1, ventas=0], Producto [patatas, precio=1.6, ventas=0], Producto [bocata, precio=3.3, ventas=0], Producto [menu, precio=6.7, ventas=0]]
2018-11-15 16:12:47 INFO  ProductoManagerImpl:114 - getProductosOrdenadosPorVentas: ordenando los bikes por ventas...
2018-11-15 16:12:47 INFO  ProductoManagerImpl:115 - Lista sin ordenar: [Producto [platano, precio=0.14, ventas=0], Producto [cafe, precio=1.1, ventas=0], Producto [cocacola, precio=0.7, ventas=0], Producto [patatas, precio=1.6, ventas=0], Producto [menu, precio=6.7, ventas=0], Producto [bocata, precio=3.3, ventas=0], Producto [agua, precio=0.6, ventas=0]]
2018-11-15 16:12:47 INFO  ProductoManagerImpl:119 - Lista ordenada: [Producto [platano, precio=0.14, ventas=0], Producto [cafe, precio=1.1, ventas=0], Producto [cocacola, precio=0.7, ventas=0], Producto [patatas, precio=1.6, ventas=0], Producto [menu, precio=6.7, ventas=0], Producto [bocata, precio=3.3, ventas=0], Producto [agua, precio=0.6, ventas=0]]
2018-11-15 16:12:47 INFO  ProductoManagerImpl:68 - realizarPedido: añadiendo station...
2018-11-15 16:12:47 INFO  ProductoManagerImpl:71 - realizarPedido: station añadido, espere a que sea servido...
2018-11-15 16:12:47 INFO  ProductoManagerImpl:68 - realizarPedido: añadiendo station...
2018-11-15 16:12:47 INFO  ProductoManagerImpl:71 - realizarPedido: station añadido, espere a que sea servido...
2018-11-15 16:12:47 INFO  ProductoManagerImpl:76 - servirPedido: sirviendo un station...
2018-11-15 16:12:47 INFO  ProductoManagerImpl:86 - cafe=1
2018-11-15 16:12:47 INFO  ProductoManagerImpl:86 - cocacola=1
2018-11-15 16:12:47 INFO  ProductoManagerImpl:86 - menu=1
2018-11-15 16:12:47 INFO  ProductoManagerImpl:86 - cafe=2
2018-11-15 16:12:47 INFO  ProductoManagerImpl:88 - servirPedido: el station ha sido servido.
2018-11-15 16:12:47 INFO  ProductoManagerImpl:99 - getProductosOrdenadosPorPrecio: ordenando los bikes por precio...
2018-11-15 16:12:47 INFO  ProductoManagerImpl:100 - Lista sin ordenar: [Producto [platano, precio=0.14, ventas=0], Producto [cafe, precio=1.1, ventas=0], Producto [cocacola, precio=0.7, ventas=0], Producto [patatas, precio=1.6, ventas=0], Producto [menu, precio=6.7, ventas=0], Producto [bocata, precio=3.3, ventas=0], Producto [agua, precio=0.6, ventas=0]]
2018-11-15 16:12:47 INFO  ProductoManagerImpl:108 - Lista ordenada: [Producto [platano, precio=0.14, ventas=0], Producto [agua, precio=0.6, ventas=0], Producto [cocacola, precio=0.7, ventas=0], Producto [cafe, precio=1.1, ventas=0], Producto [patatas, precio=1.6, ventas=0], Producto [bocata, precio=3.3, ventas=0], Producto [menu, precio=6.7, ventas=0]]
2018-11-15 16:12:47 INFO  ProductoManagerImpl:114 - getProductosOrdenadosPorVentas: ordenando los bikes por ventas...
2018-11-15 16:12:47 INFO  ProductoManagerImpl:115 - Lista sin ordenar: [Producto [platano, precio=0.14, ventas=0], Producto [cafe, precio=1.1, ventas=0], Producto [cocacola, precio=0.7, ventas=0], Producto [patatas, precio=1.6, ventas=0], Producto [menu, precio=6.7, ventas=0], Producto [bocata, precio=3.3, ventas=0], Producto [agua, precio=0.6, ventas=0]]
2018-11-15 16:12:47 INFO  ProductoManagerImpl:119 - Lista ordenada: [Producto [platano, precio=0.14, ventas=0], Producto [cafe, precio=1.1, ventas=0], Producto [cocacola, precio=0.7, ventas=0], Producto [patatas, precio=1.6, ventas=0], Producto [menu, precio=6.7, ventas=0], Producto [bocata, precio=3.3, ventas=0], Producto [agua, precio=0.6, ventas=0]]
2018-11-15 16:17:40 INFO  ProductoManagerImpl:99 - getProductosOrdenadosPorPrecio: ordenando los bikes por precio...
2018-11-15 16:17:40 INFO  ProductoManagerImpl:100 - Lista sin ordenar: [Producto [platano, precio=0.14, ventas=0], Producto [cafe, precio=1.1, ventas=0], Producto [cocacola, precio=0.7, ventas=0], Producto [patatas, precio=1.6, ventas=0], Producto [menu, precio=6.7, ventas=0], Producto [bocata, precio=3.3, ventas=0], Producto [agua, precio=0.6, ventas=0]]
2018-11-15 16:17:40 INFO  ProductoManagerImpl:108 - Lista ordenada: [Producto [platano, precio=0.14, ventas=0], Producto [agua, precio=0.6, ventas=0], Producto [cocacola, precio=0.7, ventas=0], Producto [cafe, precio=1.1, ventas=0], Producto [patatas, precio=1.6, ventas=0], Producto [bocata, precio=3.3, ventas=0], Producto [menu, precio=6.7, ventas=0]]
2018-11-15 16:17:40 INFO  ProductoManagerImpl:114 - getProductosOrdenadosPorVentas: ordenando los bikes por ventas...
2018-11-15 16:17:40 INFO  ProductoManagerImpl:115 - Lista sin ordenar: [Producto [platano, precio=0.14, ventas=0], Producto [cafe, precio=1.1, ventas=0], Producto [cocacola, precio=0.7, ventas=0], Producto [patatas, precio=1.6, ventas=0], Producto [menu, precio=6.7, ventas=0], Producto [bocata, precio=3.3, ventas=0], Producto [agua, precio=0.6, ventas=0]]
2018-11-15 16:17:40 INFO  ProductoManagerImpl:119 - Lista ordenada: [Producto [platano, precio=0.14, ventas=0], Producto [cafe, precio=1.1, ventas=0], Producto [cocacola, precio=0.7, ventas=0], Producto [patatas, precio=1.6, ventas=0], Producto [menu, precio=6.7, ventas=0], Producto [bocata, precio=3.3, ventas=0], Producto [agua, precio=0.6, ventas=0]]
2018-11-15 16:17:40 INFO  ProductoManagerImpl:68 - realizarPedido: añadiendo station...
2018-11-15 16:17:40 INFO  ProductoManagerImpl:71 - realizarPedido: station añadido, espere a que sea servido...
2018-11-15 16:17:40 INFO  ProductoManagerImpl:68 - realizarPedido: añadiendo station...
2018-11-15 16:17:40 INFO  ProductoManagerImpl:71 - realizarPedido: station añadido, espere a que sea servido...
2018-11-15 16:17:40 INFO  ProductoManagerImpl:76 - servirPedido: sirviendo un station...
2018-11-15 16:17:40 INFO  ProductoManagerImpl:86 - cafe=1
2018-11-15 16:17:40 INFO  ProductoManagerImpl:86 - cocacola=1
2018-11-15 16:17:40 INFO  ProductoManagerImpl:86 - menu=1
2018-11-15 16:17:40 INFO  ProductoManagerImpl:86 - cafe=2
2018-11-15 16:17:40 INFO  ProductoManagerImpl:88 - servirPedido: el station ha sido servido.
2018-11-15 16:17:40 INFO  ProductoManagerImpl:114 - getProductosOrdenadosPorVentas: ordenando los bikes por ventas...
2018-11-15 16:17:40 INFO  ProductoManagerImpl:115 - Lista sin ordenar: [Producto [platano, precio=0.14, ventas=0], Producto [cafe, precio=1.1, ventas=2], Producto [cocacola, precio=0.7, ventas=1], Producto [patatas, precio=1.6, ventas=0], Producto [menu, precio=6.7, ventas=1], Producto [bocata, precio=3.3, ventas=0], Producto [agua, precio=0.6, ventas=0]]
2018-11-15 16:17:40 INFO  ProductoManagerImpl:119 - Lista ordenada: [Producto [cafe, precio=1.1, ventas=2], Producto [cocacola, precio=0.7, ventas=1], Producto [menu, precio=6.7, ventas=1], Producto [platano, precio=0.14, ventas=0], Producto [patatas, precio=1.6, ventas=0], Producto [bocata, precio=3.3, ventas=0], Producto [agua, precio=0.6, ventas=0]]
2018-11-15 16:17:40 INFO  ProductoManagerImpl:99 - getProductosOrdenadosPorPrecio: ordenando los bikes por precio...
2018-11-15 16:17:40 INFO  ProductoManagerImpl:100 - Lista sin ordenar: [Producto [platano, precio=0.14, ventas=0], Producto [cafe, precio=1.1, ventas=0], Producto [cocacola, precio=0.7, ventas=0], Producto [patatas, precio=1.6, ventas=0], Producto [menu, precio=6.7, ventas=0], Producto [bocata, precio=3.3, ventas=0], Producto [agua, precio=0.6, ventas=0]]
2018-11-15 16:17:40 INFO  ProductoManagerImpl:108 - Lista ordenada: [Producto [platano, precio=0.14, ventas=0], Producto [agua, precio=0.6, ventas=0], Producto [cocacola, precio=0.7, ventas=0], Producto [cafe, precio=1.1, ventas=0], Producto [patatas, precio=1.6, ventas=0], Producto [bocata, precio=3.3, ventas=0], Producto [menu, precio=6.7, ventas=0]]
2018-11-15 16:17:40 INFO  ProductoManagerImpl:114 - getProductosOrdenadosPorVentas: ordenando los bikes por ventas...
2018-11-15 16:17:40 INFO  ProductoManagerImpl:115 - Lista sin ordenar: [Producto [platano, precio=0.14, ventas=0], Producto [cafe, precio=1.1, ventas=0], Producto [cocacola, precio=0.7, ventas=0], Producto [patatas, precio=1.6, ventas=0], Producto [menu, precio=6.7, ventas=0], Producto [bocata, precio=3.3, ventas=0], Producto [agua, precio=0.6, ventas=0]]
2018-11-15 16:17:40 INFO  ProductoManagerImpl:119 - Lista ordenada: [Producto [platano, precio=0.14, ventas=0], Producto [cafe, precio=1.1, ventas=0], Producto [cocacola, precio=0.7, ventas=0], Producto [patatas, precio=1.6, ventas=0], Producto [menu, precio=6.7, ventas=0], Producto [bocata, precio=3.3, ventas=0], Producto [agua, precio=0.6, ventas=0]]
2018-11-15 16:22:39 INFO  ProductoManagerImpl:99 - getProductosOrdenadosPorPrecio: ordenando los bikes por precio...
2018-11-15 16:22:39 INFO  ProductoManagerImpl:100 - Lista sin ordenar: [Producto [platano, precio=0.14, ventas=0], Producto [cafe, precio=1.1, ventas=0], Producto [cocacola, precio=0.7, ventas=0], Producto [patatas, precio=1.6, ventas=0], Producto [menu, precio=6.7, ventas=0], Producto [bocata, precio=3.3, ventas=0], Producto [agua, precio=0.6, ventas=0]]
2018-11-15 16:22:39 INFO  ProductoManagerImpl:108 - Lista ordenada: [Producto [platano, precio=0.14, ventas=0], Producto [agua, precio=0.6, ventas=0], Producto [cocacola, precio=0.7, ventas=0], Producto [cafe, precio=1.1, ventas=0], Producto [patatas, precio=1.6, ventas=0], Producto [bocata, precio=3.3, ventas=0], Producto [menu, precio=6.7, ventas=0]]
2018-11-15 16:22:39 INFO  ProductoManagerImpl:114 - getProductosOrdenadosPorVentas: ordenando los bikes por ventas...
2018-11-15 16:22:39 INFO  ProductoManagerImpl:115 - Lista sin ordenar: [Producto [platano, precio=0.14, ventas=0], Producto [cafe, precio=1.1, ventas=0], Producto [cocacola, precio=0.7, ventas=0], Producto [patatas, precio=1.6, ventas=0], Producto [menu, precio=6.7, ventas=0], Producto [bocata, precio=3.3, ventas=0], Producto [agua, precio=0.6, ventas=0]]
2018-11-15 16:22:39 INFO  ProductoManagerImpl:119 - Lista ordenada: [Producto [platano, precio=0.14, ventas=0], Producto [cafe, precio=1.1, ventas=0], Producto [cocacola, precio=0.7, ventas=0], Producto [patatas, precio=1.6, ventas=0], Producto [menu, precio=6.7, ventas=0], Producto [bocata, precio=3.3, ventas=0], Producto [agua, precio=0.6, ventas=0]]
2018-11-15 16:22:39 INFO  ProductoManagerImpl:68 - realizarPedido: añadiendo station...
2018-11-15 16:22:39 INFO  ProductoManagerImpl:71 - realizarPedido: station añadido, espere a que sea servido...
2018-11-15 16:22:39 INFO  ProductoManagerImpl:68 - realizarPedido: añadiendo station...
2018-11-15 16:22:39 INFO  ProductoManagerImpl:71 - realizarPedido: station añadido, espere a que sea servido...
2018-11-15 16:22:39 INFO  ProductoManagerImpl:76 - servirPedido: sirviendo un station...
2018-11-15 16:22:39 INFO  ProductoManagerImpl:86 - cafe=1
2018-11-15 16:22:39 INFO  ProductoManagerImpl:86 - cocacola=1
2018-11-15 16:22:39 INFO  ProductoManagerImpl:86 - menu=1
2018-11-15 16:22:39 INFO  ProductoManagerImpl:86 - cafe=2
2018-11-15 16:22:39 INFO  ProductoManagerImpl:88 - servirPedido: el station ha sido servido.
2018-11-15 16:22:39 INFO  ProductoManagerImpl:114 - getProductosOrdenadosPorVentas: ordenando los bikes por ventas...
2018-11-15 16:22:39 INFO  ProductoManagerImpl:115 - Lista sin ordenar: [Producto [platano, precio=0.14, ventas=0], Producto [cafe, precio=1.1, ventas=2], Producto [cocacola, precio=0.7, ventas=1], Producto [patatas, precio=1.6, ventas=0], Producto [menu, precio=6.7, ventas=1], Producto [bocata, precio=3.3, ventas=0], Producto [agua, precio=0.6, ventas=0]]
2018-11-15 16:22:39 INFO  ProductoManagerImpl:119 - Lista ordenada: [Producto [cafe, precio=1.1, ventas=2], Producto [cocacola, precio=0.7, ventas=1], Producto [menu, precio=6.7, ventas=1], Producto [platano, precio=0.14, ventas=0], Producto [patatas, precio=1.6, ventas=0], Producto [bocata, precio=3.3, ventas=0], Producto [agua, precio=0.6, ventas=0]]
2018-11-15 16:22:39 INFO  ProductoManagerImpl:99 - getProductosOrdenadosPorPrecio: ordenando los bikes por precio...
2018-11-15 16:22:39 INFO  ProductoManagerImpl:100 - Lista sin ordenar: [Producto [platano, precio=0.14, ventas=0], Producto [cafe, precio=1.1, ventas=0], Producto [cocacola, precio=0.7, ventas=0], Producto [patatas, precio=1.6, ventas=0], Producto [menu, precio=6.7, ventas=0], Producto [bocata, precio=3.3, ventas=0], Producto [agua, precio=0.6, ventas=0]]
2018-11-15 16:22:39 INFO  ProductoManagerImpl:108 - Lista ordenada: [Producto [platano, precio=0.14, ventas=0], Producto [agua, precio=0.6, ventas=0], Producto [cocacola, precio=0.7, ventas=0], Producto [cafe, precio=1.1, ventas=0], Producto [patatas, precio=1.6, ventas=0], Producto [bocata, precio=3.3, ventas=0], Producto [menu, precio=6.7, ventas=0]]
2018-11-15 16:24:09 INFO  ProductoManagerImpl:100 - getProductosOrdenadosPorPrecio: ordenando los bikes por precio...
2018-11-15 16:24:09 INFO  ProductoManagerImpl:101 - Lista sin ordenar: [Producto [platano, precio=0.14, ventas=0], Producto [cafe, precio=1.1, ventas=0], Producto [cocacola, precio=0.7, ventas=0], Producto [patatas, precio=1.6, ventas=0], Producto [menu, precio=6.7, ventas=0], Producto [bocata, precio=3.3, ventas=0], Producto [agua, precio=0.6, ventas=0]]
2018-11-15 16:24:09 INFO  ProductoManagerImpl:109 - Lista ordenada: [Producto [platano, precio=0.14, ventas=0], Producto [agua, precio=0.6, ventas=0], Producto [cocacola, precio=0.7, ventas=0], Producto [cafe, precio=1.1, ventas=0], Producto [patatas, precio=1.6, ventas=0], Producto [bocata, precio=3.3, ventas=0], Producto [menu, precio=6.7, ventas=0]]
2018-11-15 16:24:09 INFO  ProductoManagerImpl:115 - getProductosOrdenadosPorVentas: ordenando los bikes por ventas...
2018-11-15 16:24:09 INFO  ProductoManagerImpl:116 - Lista sin ordenar: [Producto [platano, precio=0.14, ventas=0], Producto [cafe, precio=1.1, ventas=0], Producto [cocacola, precio=0.7, ventas=0], Producto [patatas, precio=1.6, ventas=0], Producto [menu, precio=6.7, ventas=0], Producto [bocata, precio=3.3, ventas=0], Producto [agua, precio=0.6, ventas=0]]
2018-11-15 16:24:09 INFO  ProductoManagerImpl:120 - Lista ordenada: [Producto [platano, precio=0.14, ventas=0], Producto [cafe, precio=1.1, ventas=0], Producto [cocacola, precio=0.7, ventas=0], Producto [patatas, precio=1.6, ventas=0], Producto [menu, precio=6.7, ventas=0], Producto [bocata, precio=3.3, ventas=0], Producto [agua, precio=0.6, ventas=0]]
2018-11-15 16:24:09 INFO  ProductoManagerImpl:68 - realizarPedido: añadiendo station...
2018-11-15 16:24:09 INFO  ProductoManagerImpl:71 - realizarPedido: station añadido, espere a que sea servido...
2018-11-15 16:24:09 INFO  ProductoManagerImpl:68 - realizarPedido: añadiendo station...
2018-11-15 16:24:09 INFO  ProductoManagerImpl:71 - realizarPedido: station añadido, espere a que sea servido...
2018-11-15 16:24:09 INFO  ProductoManagerImpl:76 - servirPedido: sirviendo un station...
2018-11-15 16:24:09 INFO  ProductoManagerImpl:86 - Cantidades vendidas en cada pokemon:
2018-11-15 16:24:09 INFO  ProductoManagerImpl:87 - cafe=1
2018-11-15 16:24:09 INFO  ProductoManagerImpl:86 - Cantidades vendidas en cada pokemon:
2018-11-15 16:24:09 INFO  ProductoManagerImpl:87 - cocacola=1
2018-11-15 16:24:09 INFO  ProductoManagerImpl:86 - Cantidades vendidas en cada pokemon:
2018-11-15 16:24:09 INFO  ProductoManagerImpl:87 - menu=1
2018-11-15 16:24:09 INFO  ProductoManagerImpl:86 - Cantidades vendidas en cada pokemon:
2018-11-15 16:24:09 INFO  ProductoManagerImpl:87 - cafe=2
2018-11-15 16:24:09 INFO  ProductoManagerImpl:89 - servirPedido: el station ha sido servido.
2018-11-15 16:24:09 INFO  ProductoManagerImpl:115 - getProductosOrdenadosPorVentas: ordenando los bikes por ventas...
2018-11-15 16:24:09 INFO  ProductoManagerImpl:116 - Lista sin ordenar: [Producto [platano, precio=0.14, ventas=0], Producto [cafe, precio=1.1, ventas=2], Producto [cocacola, precio=0.7, ventas=1], Producto [patatas, precio=1.6, ventas=0], Producto [menu, precio=6.7, ventas=1], Producto [bocata, precio=3.3, ventas=0], Producto [agua, precio=0.6, ventas=0]]
2018-11-15 16:24:09 INFO  ProductoManagerImpl:120 - Lista ordenada: [Producto [cafe, precio=1.1, ventas=2], Producto [cocacola, precio=0.7, ventas=1], Producto [menu, precio=6.7, ventas=1], Producto [platano, precio=0.14, ventas=0], Producto [patatas, precio=1.6, ventas=0], Producto [bocata, precio=3.3, ventas=0], Producto [agua, precio=0.6, ventas=0]]
2018-11-15 16:24:10 INFO  ProductoManagerImpl:100 - getProductosOrdenadosPorPrecio: ordenando los bikes por precio...
2018-11-15 16:24:10 INFO  ProductoManagerImpl:101 - Lista sin ordenar: [Producto [platano, precio=0.14, ventas=0], Producto [cafe, precio=1.1, ventas=0], Producto [cocacola, precio=0.7, ventas=0], Producto [patatas, precio=1.6, ventas=0], Producto [menu, precio=6.7, ventas=0], Producto [bocata, precio=3.3, ventas=0], Producto [agua, precio=0.6, ventas=0]]
2018-11-15 16:24:10 INFO  ProductoManagerImpl:109 - Lista ordenada: [Producto [platano, precio=0.14, ventas=0], Producto [agua, precio=0.6, ventas=0], Producto [cocacola, precio=0.7, ventas=0], Producto [cafe, precio=1.1, ventas=0], Producto [patatas, precio=1.6, ventas=0], Producto [bocata, precio=3.3, ventas=0], Producto [menu, precio=6.7, ventas=0]]
2018-11-15 16:24:36 INFO  ProductoManagerImpl:100 - getProductosOrdenadosPorPrecio: ordenando los bikes por precio...
2018-11-15 16:24:36 INFO  ProductoManagerImpl:101 - Lista sin ordenar: [Producto [platano, precio=0.14, ventas=0], Producto [cafe, precio=1.1, ventas=0], Producto [cocacola, precio=0.7, ventas=0], Producto [patatas, precio=1.6, ventas=0], Producto [menu, precio=6.7, ventas=0], Producto [bocata, precio=3.3, ventas=0], Producto [agua, precio=0.6, ventas=0]]
2018-11-15 16:24:36 INFO  ProductoManagerImpl:109 - Lista ordenada: [Producto [platano, precio=0.14, ventas=0], Producto [agua, precio=0.6, ventas=0], Producto [cocacola, precio=0.7, ventas=0], Producto [cafe, precio=1.1, ventas=0], Producto [patatas, precio=1.6, ventas=0], Producto [bocata, precio=3.3, ventas=0], Producto [menu, precio=6.7, ventas=0]]
2018-11-15 16:24:36 INFO  ProductoManagerImpl:115 - getProductosOrdenadosPorVentas: ordenando los bikes por ventas...
2018-11-15 16:24:36 INFO  ProductoManagerImpl:116 - Lista sin ordenar: [Producto [platano, precio=0.14, ventas=0], Producto [cafe, precio=1.1, ventas=0], Producto [cocacola, precio=0.7, ventas=0], Producto [patatas, precio=1.6, ventas=0], Producto [menu, precio=6.7, ventas=0], Producto [bocata, precio=3.3, ventas=0], Producto [agua, precio=0.6, ventas=0]]
2018-11-15 16:24:36 INFO  ProductoManagerImpl:120 - Lista ordenada: [Producto [platano, precio=0.14, ventas=0], Producto [cafe, precio=1.1, ventas=0], Producto [cocacola, precio=0.7, ventas=0], Producto [patatas, precio=1.6, ventas=0], Producto [menu, precio=6.7, ventas=0], Producto [bocata, precio=3.3, ventas=0], Producto [agua, precio=0.6, ventas=0]]
2018-11-15 16:24:36 INFO  ProductoManagerImpl:68 - realizarPedido: añadiendo station...
2018-11-15 16:24:36 INFO  ProductoManagerImpl:71 - realizarPedido: station añadido, espere a que sea servido...
2018-11-15 16:24:36 INFO  ProductoManagerImpl:68 - realizarPedido: añadiendo station...
2018-11-15 16:24:36 INFO  ProductoManagerImpl:71 - realizarPedido: station añadido, espere a que sea servido...
2018-11-15 16:24:36 INFO  ProductoManagerImpl:76 - servirPedido: sirviendo un station...
2018-11-15 16:24:36 INFO  ProductoManagerImpl:84 - Cantidades vendidas de cada pokemon:
2018-11-15 16:24:36 INFO  ProductoManagerImpl:87 - cafe=1
2018-11-15 16:24:36 INFO  ProductoManagerImpl:87 - cocacola=1
2018-11-15 16:24:36 INFO  ProductoManagerImpl:87 - menu=1
2018-11-15 16:24:36 INFO  ProductoManagerImpl:87 - cafe=2
2018-11-15 16:24:36 INFO  ProductoManagerImpl:89 - servirPedido: el station ha sido servido.
2018-11-15 16:24:36 INFO  ProductoManagerImpl:115 - getProductosOrdenadosPorVentas: ordenando los bikes por ventas...
2018-11-15 16:24:36 INFO  ProductoManagerImpl:116 - Lista sin ordenar: [Producto [platano, precio=0.14, ventas=0], Producto [cafe, precio=1.1, ventas=2], Producto [cocacola, precio=0.7, ventas=1], Producto [patatas, precio=1.6, ventas=0], Producto [menu, precio=6.7, ventas=1], Producto [bocata, precio=3.3, ventas=0], Producto [agua, precio=0.6, ventas=0]]
2018-11-15 16:24:36 INFO  ProductoManagerImpl:120 - Lista ordenada: [Producto [cafe, precio=1.1, ventas=2], Producto [cocacola, precio=0.7, ventas=1], Producto [menu, precio=6.7, ventas=1], Producto [platano, precio=0.14, ventas=0], Producto [patatas, precio=1.6, ventas=0], Producto [bocata, precio=3.3, ventas=0], Producto [agua, precio=0.6, ventas=0]]
2018-11-15 16:24:36 INFO  ProductoManagerImpl:100 - getProductosOrdenadosPorPrecio: ordenando los bikes por precio...
2018-11-15 16:24:36 INFO  ProductoManagerImpl:101 - Lista sin ordenar: [Producto [platano, precio=0.14, ventas=0], Producto [cafe, precio=1.1, ventas=0], Producto [cocacola, precio=0.7, ventas=0], Producto [patatas, precio=1.6, ventas=0], Producto [menu, precio=6.7, ventas=0], Producto [bocata, precio=3.3, ventas=0], Producto [agua, precio=0.6, ventas=0]]
2018-11-15 16:24:36 INFO  ProductoManagerImpl:109 - Lista ordenada: [Producto [platano, precio=0.14, ventas=0], Producto [agua, precio=0.6, ventas=0], Producto [cocacola, precio=0.7, ventas=0], Producto [cafe, precio=1.1, ventas=0], Producto [patatas, precio=1.6, ventas=0], Producto [bocata, precio=3.3, ventas=0], Producto [menu, precio=6.7, ventas=0]]
2018-11-15 16:26:13 INFO  ProductoManagerImpl:115 - getProductosOrdenadosPorVentas: ordenando los bikes por ventas...
2018-11-15 16:26:13 INFO  ProductoManagerImpl:116 - Lista sin ordenar: [Producto [platano, precio=0.14, ventas=0], Producto [cafe, precio=1.1, ventas=0], Producto [cocacola, precio=0.7, ventas=0], Producto [patatas, precio=1.6, ventas=0], Producto [menu, precio=6.7, ventas=0], Producto [bocata, precio=3.3, ventas=0], Producto [agua, precio=0.6, ventas=0]]
2018-11-15 16:26:13 INFO  ProductoManagerImpl:120 - Lista ordenada: [Producto [platano, precio=0.14, ventas=0], Producto [cafe, precio=1.1, ventas=0], Producto [cocacola, precio=0.7, ventas=0], Producto [patatas, precio=1.6, ventas=0], Producto [menu, precio=6.7, ventas=0], Producto [bocata, precio=3.3, ventas=0], Producto [agua, precio=0.6, ventas=0]]
2018-11-15 16:26:48 INFO  ProductoManagerImpl:115 - getProductosOrdenadosPorVentas: ordenando los bikes por ventas...
2018-11-15 16:26:48 INFO  ProductoManagerImpl:116 - Lista sin ordenar: [Producto [platano, precio=0.14, ventas=0], Producto [cafe, precio=1.1, ventas=0], Producto [cocacola, precio=0.7, ventas=0], Producto [patatas, precio=1.6, ventas=0], Producto [menu, precio=6.7, ventas=0], Producto [bocata, precio=3.3, ventas=0], Producto [agua, precio=0.6, ventas=0]]
2018-11-15 16:26:48 INFO  ProductoManagerImpl:120 - Lista ordenada: [Producto [platano, precio=0.14, ventas=0], Producto [cafe, precio=1.1, ventas=0], Producto [cocacola, precio=0.7, ventas=0], Producto [patatas, precio=1.6, ventas=0], Producto [menu, precio=6.7, ventas=0], Producto [bocata, precio=3.3, ventas=0], Producto [agua, precio=0.6, ventas=0]]
||||||| merged common ancestors
=======
2018-11-15 15:23:19 INFO  ProductoManagerImpl:67 - realizarPedido: añadiendo station...
2018-11-15 15:23:19 INFO  ProductoManagerImpl:70 - realizarPedido: station añadido, espere a que sea servido...
2018-11-15 15:23:19 INFO  ProductoManagerImpl:67 - realizarPedido: añadiendo station...
2018-11-15 15:23:19 INFO  ProductoManagerImpl:70 - realizarPedido: station añadido, espere a que sea servido...
2018-11-15 15:27:04 INFO  ProductoManagerImpl:67 - realizarPedido: añadiendo station...
2018-11-15 15:27:04 INFO  ProductoManagerImpl:70 - realizarPedido: station añadido, espere a que sea servido...
2018-11-15 15:27:04 INFO  ProductoManagerImpl:67 - realizarPedido: añadiendo station...
2018-11-15 15:27:04 INFO  ProductoManagerImpl:70 - realizarPedido: station añadido, espere a que sea servido...
2018-11-15 15:41:37 INFO  ProductoManagerImpl:75 - servirPedido: sirviendo un station...
2018-11-15 15:41:37 INFO  ProductoManagerImpl:87 - servirPedido: no hay pedidos en cola
2018-11-15 15:42:16 INFO  ProductoManagerImpl:75 - servirPedido: sirviendo un station...
2018-11-15 15:42:16 INFO  ProductoManagerImpl:87 - servirPedido: no hay pedidos en cola
2018-11-15 15:42:16 INFO  ProductoManagerImpl:94 - getProductosOrdenadorPorPrecio: ordenando los productos por precio...
2018-11-15 15:42:16 INFO  ProductoManagerImpl:95 - Lista sin ordenar: [Producto [platano, precio=0.14, ventas=0], Producto [cafe, precio=1.1, ventas=0], Producto [cocacola, precio=0.7, ventas=0], Producto [patatas, precio=1.6, ventas=0], Producto [menu, precio=6.7, ventas=0], Producto [bocata, precio=3.3, ventas=0], Producto [agua, precio=0.6, ventas=0]]
2018-11-15 15:42:16 INFO  ProductoManagerImpl:103 - Lista ordenada: [Producto [platano, precio=0.14, ventas=0], Producto [agua, precio=0.6, ventas=0], Producto [cocacola, precio=0.7, ventas=0], Producto [cafe, precio=1.1, ventas=0], Producto [patatas, precio=1.6, ventas=0], Producto [bocata, precio=3.3, ventas=0], Producto [menu, precio=6.7, ventas=0]]
2018-11-15 15:42:16 INFO  ProductoManagerImpl:109 - getProductosOrdenadosPorVentas: ordenando los productos por ventas...
2018-11-15 15:42:16 INFO  ProductoManagerImpl:110 - Lista sin ordenar: [Producto [platano, precio=0.14, ventas=0], Producto [cafe, precio=1.1, ventas=0], Producto [cocacola, precio=0.7, ventas=0], Producto [patatas, precio=1.6, ventas=0], Producto [menu, precio=6.7, ventas=0], Producto [bocata, precio=3.3, ventas=0], Producto [agua, precio=0.6, ventas=0]]
2018-11-15 15:42:16 INFO  ProductoManagerImpl:114 - Lista ordenada: [Producto [platano, precio=0.14, ventas=0], Producto [cafe, precio=1.1, ventas=0], Producto [cocacola, precio=0.7, ventas=0], Producto [patatas, precio=1.6, ventas=0], Producto [menu, precio=6.7, ventas=0], Producto [bocata, precio=3.3, ventas=0], Producto [agua, precio=0.6, ventas=0]]
2018-11-15 15:42:16 INFO  ProductoManagerImpl:67 - realizarPedido: añadiendo station...
2018-11-15 15:42:16 INFO  ProductoManagerImpl:70 - realizarPedido: station añadido, espere a que sea servido...
2018-11-15 15:42:16 INFO  ProductoManagerImpl:67 - realizarPedido: añadiendo station...
2018-11-15 15:42:16 INFO  ProductoManagerImpl:70 - realizarPedido: station añadido, espere a que sea servido...
2018-11-15 15:42:16 INFO  ProductoManagerImpl:75 - servirPedido: sirviendo un station...
2018-11-15 15:42:16 INFO  ProductoManagerImpl:83 - servirPedido: el station ha sido servido.
2018-11-15 19:40:48 INFO  ProductoManagerImpl:94 - getProductosOrdenadorPorPrecio: ordenando los productos por precio...
2018-11-15 19:40:48 INFO  ProductoManagerImpl:95 - Lista sin ordenar: [Producto [Arroz, precio=1.0, ventas=0], Producto [Leche, precio=0.9, ventas=0], Producto [Pan, precio=0.4, ventas=0]]
2018-11-15 19:40:48 INFO  ProductoManagerImpl:103 - Lista ordenada: [Producto [Pan, precio=0.4, ventas=0], Producto [Leche, precio=0.9, ventas=0], Producto [Arroz, precio=1.0, ventas=0]]
2018-11-15 19:57:47 INFO  ProductoManagerImpl:94 - getProductosOrdenadorPorPrecio: ordenando los productos por precio...
2018-11-15 19:57:47 INFO  ProductoManagerImpl:95 - Lista sin ordenar: [Producto [Arroz, precio=1.0, ventas=0], Producto [Leche, precio=0.9, ventas=0], Producto [Pan, precio=0.4, ventas=0]]
2018-11-15 19:57:47 INFO  ProductoManagerImpl:103 - Lista ordenada: [Producto [Pan, precio=0.4, ventas=0], Producto [Leche, precio=0.9, ventas=0], Producto [Arroz, precio=1.0, ventas=0]]
2018-11-15 20:01:09 INFO  ProductoManagerImpl:94 - getProductosOrdenadorPorPrecio: ordenando los productos por precio...
2018-11-15 20:01:09 INFO  ProductoManagerImpl:95 - Lista sin ordenar: [edu.upc.dsa.modelo.Producto@7601b2b1, edu.upc.dsa.modelo.Producto@7a0885b0, edu.upc.dsa.modelo.Producto@19098634]
2018-11-15 20:01:09 INFO  ProductoManagerImpl:103 - Lista ordenada: [edu.upc.dsa.modelo.Producto@19098634, edu.upc.dsa.modelo.Producto@7a0885b0, edu.upc.dsa.modelo.Producto@7601b2b1]
2018-11-15 20:11:54 INFO  ProductoManagerImpl:94 - getProductosOrdenadorPorPrecio: ordenando los productos por precio...
2018-11-15 20:11:54 INFO  ProductoManagerImpl:95 - Lista sin ordenar: [Producto [Arroz, precio=1.0, ventas=0], Producto [Leche, precio=0.9, ventas=0], Producto [Pan, precio=0.4, ventas=0]]
2018-11-15 20:11:54 INFO  ProductoManagerImpl:103 - Lista ordenada: [Producto [Pan, precio=0.4, ventas=0], Producto [Leche, precio=0.9, ventas=0], Producto [Arroz, precio=1.0, ventas=0]]
>>>>>>> 1c42b7851ce912f6593419c834ef8be7bb2ba0ea
2018-11-16 20:44:24 INFO  BikeManagerImpl:73 - bikesByStationOrderByKms: ordenando las bikes por kms...
2018-11-16 20:44:24 INFO  BikeManagerImpl:74 - Lista sin ordenar: [edu.upc.dsa.modelo.Bike@31c88ec8, edu.upc.dsa.modelo.Bike@1cbbffcd, edu.upc.dsa.modelo.Bike@27ce24aa]
2018-11-16 20:44:24 INFO  BikeManagerImpl:79 - Lista ordenada: [edu.upc.dsa.modelo.Bike@27ce24aa, edu.upc.dsa.modelo.Bike@31c88ec8, edu.upc.dsa.modelo.Bike@1cbbffcd]
2018-11-16 20:44:24 INFO  BikeManagerImpl:88 - getBike: buscando la estacion...
2018-11-16 20:44:24 INFO  BikeManagerImpl:92 - getBike: buscando la bike...
2018-11-16 20:44:24 INFO  BikeManagerImpl:99 - getBike: añadiendo bike de la estacion al usuario...
2018-11-16 20:44:51 INFO  BikeManagerImpl:73 - bikesByStationOrderByKms: ordenando las bikes por kms...
2018-11-16 20:44:51 INFO  BikeManagerImpl:74 - Lista sin ordenar: [edu.upc.dsa.modelo.Bike@31c88ec8, edu.upc.dsa.modelo.Bike@1cbbffcd, edu.upc.dsa.modelo.Bike@27ce24aa]
2018-11-16 20:44:51 INFO  BikeManagerImpl:79 - Lista ordenada: [edu.upc.dsa.modelo.Bike@27ce24aa, edu.upc.dsa.modelo.Bike@31c88ec8, edu.upc.dsa.modelo.Bike@1cbbffcd]
2018-11-16 20:47:34 INFO  BikeManagerImpl:73 - bikesByStationOrderByKms: ordenando las bikes por kms...
2018-11-16 20:47:34 INFO  BikeManagerImpl:74 - Lista sin ordenar: [edu.upc.dsa.modelo.Bike@2ef3eef9, edu.upc.dsa.modelo.Bike@243c4f91, edu.upc.dsa.modelo.Bike@291ae]
2018-11-16 20:47:34 INFO  BikeManagerImpl:79 - Lista ordenada: [edu.upc.dsa.modelo.Bike@291ae, edu.upc.dsa.modelo.Bike@2ef3eef9, edu.upc.dsa.modelo.Bike@243c4f91]
2018-11-16 20:47:34 INFO  BikeManagerImpl:88 - getBike: buscando la estacion...
2018-11-16 20:47:34 INFO  BikeManagerImpl:92 - getBike: buscando la bike...
2018-11-16 20:47:34 INFO  BikeManagerImpl:99 - getBike: añadiendo bike de la estacion al usuario...
2018-11-16 20:47:34 INFO  BikeManagerImpl:88 - getBike: buscando la estacion...
2018-11-16 20:47:34 INFO  BikeManagerImpl:92 - getBike: buscando la bike...
2018-11-16 20:47:34 INFO  BikeManagerImpl:99 - getBike: añadiendo bike de la estacion al usuario...
2018-11-16 20:48:15 INFO  BikeManagerImpl:73 - bikesByStationOrderByKms: ordenando las bikes por kms...
2018-11-16 20:48:15 INFO  BikeManagerImpl:74 - Lista sin ordenar: [edu.upc.dsa.modelo.Bike@31c88ec8, edu.upc.dsa.modelo.Bike@1cbbffcd, edu.upc.dsa.modelo.Bike@27ce24aa]
2018-11-16 20:48:15 INFO  BikeManagerImpl:79 - Lista ordenada: [edu.upc.dsa.modelo.Bike@27ce24aa, edu.upc.dsa.modelo.Bike@31c88ec8, edu.upc.dsa.modelo.Bike@1cbbffcd]
2018-11-16 20:48:15 INFO  BikeManagerImpl:88 - getBike: buscando la estacion...
2018-11-16 20:48:15 INFO  BikeManagerImpl:92 - getBike: buscando la bike...
2018-11-16 20:48:15 INFO  BikeManagerImpl:99 - getBike: añadiendo bike de la estacion al usuario...
2018-11-16 20:48:48 INFO  BikeManagerImpl:73 - bikesByStationOrderByKms: ordenando las bikes por kms...
2018-11-16 20:48:48 INFO  BikeManagerImpl:74 - Lista sin ordenar: [edu.upc.dsa.modelo.Bike@31c88ec8, edu.upc.dsa.modelo.Bike@1cbbffcd, edu.upc.dsa.modelo.Bike@27ce24aa]
2018-11-16 20:48:48 INFO  BikeManagerImpl:79 - Lista ordenada: [edu.upc.dsa.modelo.Bike@27ce24aa, edu.upc.dsa.modelo.Bike@31c88ec8, edu.upc.dsa.modelo.Bike@1cbbffcd]
2018-11-16 20:48:50 INFO  BikeManagerImpl:88 - getBike: buscando la estacion...
2018-11-16 20:48:50 INFO  BikeManagerImpl:92 - getBike: buscando la bike...
2018-11-16 20:48:50 INFO  BikeManagerImpl:99 - getBike: añadiendo bike de la estacion al usuario...
2018-11-16 20:49:03 INFO  BikeManagerImpl:73 - bikesByStationOrderByKms: ordenando las bikes por kms...
2018-11-16 20:49:03 INFO  BikeManagerImpl:74 - Lista sin ordenar: [edu.upc.dsa.modelo.Bike@31c88ec8, edu.upc.dsa.modelo.Bike@1cbbffcd, edu.upc.dsa.modelo.Bike@27ce24aa]
2018-11-16 20:49:03 INFO  BikeManagerImpl:79 - Lista ordenada: [edu.upc.dsa.modelo.Bike@27ce24aa, edu.upc.dsa.modelo.Bike@31c88ec8, edu.upc.dsa.modelo.Bike@1cbbffcd]
2018-11-16 20:49:33 INFO  BikeManagerImpl:88 - getBike: buscando la estacion...
2018-11-16 20:49:33 INFO  BikeManagerImpl:92 - getBike: buscando la bike...
2018-11-16 20:49:33 INFO  BikeManagerImpl:99 - getBike: añadiendo bike de la estacion al usuario...
2018-11-16 20:54:05 INFO  BikeManagerImpl:73 - bikesByStationOrderByKms: ordenando las bikes por kms...
2018-11-16 20:54:05 INFO  BikeManagerImpl:74 - Lista sin ordenar: [edu.upc.dsa.modelo.Bike@31c88ec8, edu.upc.dsa.modelo.Bike@1cbbffcd, edu.upc.dsa.modelo.Bike@27ce24aa]
2018-11-16 20:54:05 INFO  BikeManagerImpl:79 - Lista ordenada: [edu.upc.dsa.modelo.Bike@27ce24aa, edu.upc.dsa.modelo.Bike@31c88ec8, edu.upc.dsa.modelo.Bike@1cbbffcd]
2018-11-16 20:54:28 INFO  BikeManagerImpl:73 - bikesByStationOrderByKms: ordenando las bikes por kms...
2018-11-16 20:54:28 INFO  BikeManagerImpl:74 - Lista sin ordenar: [edu.upc.dsa.modelo.Bike@31c88ec8, edu.upc.dsa.modelo.Bike@1cbbffcd, edu.upc.dsa.modelo.Bike@27ce24aa]
2018-11-16 20:54:28 INFO  BikeManagerImpl:79 - Lista ordenada: [edu.upc.dsa.modelo.Bike@27ce24aa, edu.upc.dsa.modelo.Bike@31c88ec8, edu.upc.dsa.modelo.Bike@1cbbffcd]
2018-11-16 20:55:05 INFO  BikeManagerImpl:73 - bikesByStationOrderByKms: ordenando las bikes por kms...
2018-11-16 20:55:05 INFO  BikeManagerImpl:74 - Lista sin ordenar: [edu.upc.dsa.modelo.Bike@31c88ec8, edu.upc.dsa.modelo.Bike@1cbbffcd, edu.upc.dsa.modelo.Bike@27ce24aa]
2018-11-16 20:55:05 INFO  BikeManagerImpl:79 - Lista ordenada: [edu.upc.dsa.modelo.Bike@27ce24aa, edu.upc.dsa.modelo.Bike@31c88ec8, edu.upc.dsa.modelo.Bike@1cbbffcd]
2018-11-16 21:27:42 INFO  BikeManagerImpl:73 - bikesByStationOrderByKms: ordenando las bikes por kms...
2018-11-16 21:27:42 INFO  BikeManagerImpl:74 - Lista sin ordenar: [edu.upc.dsa.modelo.Bike@7ea37dbf, edu.upc.dsa.modelo.Bike@4b44655e, edu.upc.dsa.modelo.Bike@290d210d]
2018-11-16 21:27:42 INFO  BikeManagerImpl:79 - Lista ordenada: [edu.upc.dsa.modelo.Bike@290d210d, edu.upc.dsa.modelo.Bike@7ea37dbf, edu.upc.dsa.modelo.Bike@4b44655e]
2018-11-19 12:56:55 INFO  BikeManagerImpl:73 - bikesByStationOrderByKms: ordenando las bikes por kms...
2018-11-19 12:56:55 INFO  BikeManagerImpl:74 - Lista sin ordenar: []
2018-11-19 12:56:55 INFO  BikeManagerImpl:79 - Lista ordenada: []
2018-11-19 13:02:17 INFO  BikeManagerImpl:73 - bikesByStationOrderByKms: ordenando las bikes por kms...
2018-11-19 13:02:17 INFO  BikeManagerImpl:74 - Lista sin ordenar: []
2018-11-19 13:02:17 INFO  BikeManagerImpl:79 - Lista ordenada: []
2018-11-19 13:02:44 INFO  BikeManagerImpl:73 - bikesByStationOrderByKms: ordenando las bikes por kms...
2018-11-19 13:02:44 INFO  BikeManagerImpl:74 - Lista sin ordenar: []
2018-11-19 13:02:44 INFO  BikeManagerImpl:79 - Lista ordenada: []
2018-11-19 13:04:13 INFO  BikeManagerImpl:73 - bikesByStationOrderByKms: ordenando las bikes por kms...
2018-11-19 13:04:13 INFO  BikeManagerImpl:74 - Lista sin ordenar: []
2018-11-19 13:04:13 INFO  BikeManagerImpl:79 - Lista ordenada: []
